\BOOKMARK [1][-]{section.1}{Introduction}{}% 1
\BOOKMARK [2][-]{subsection.1.1}{Simulation Software}{section.1}% 2
\BOOKMARK [3][-]{subsubsection.1.1.1}{ns-3}{subsection.1.1}% 3
\BOOKMARK [3][-]{subsubsection.1.1.2}{Cooja}{subsection.1.1}% 4
\BOOKMARK [3][-]{subsubsection.1.1.3}{Mininet}{subsection.1.1}% 5
\BOOKMARK [1][-]{section.2}{Attack Types}{}% 6
\BOOKMARK [2][-]{subsection.2.1}{SYN Flood}{section.2}% 7
\BOOKMARK [2][-]{subsection.2.2}{ICMP Flood}{section.2}% 8
\BOOKMARK [1][-]{section.3}{Denial of Service Simulation}{}% 9
\BOOKMARK [2][-]{subsection.3.1}{SYN Flood}{section.3}% 10
\BOOKMARK [3][-]{subsubsection.3.1.1}{Attack}{subsection.3.1}% 11
\BOOKMARK [3][-]{subsubsection.3.1.2}{Mitigation}{subsection.3.1}% 12
\BOOKMARK [2][-]{subsection.3.2}{ICMP Flood DoS Attack}{section.3}% 13
\BOOKMARK [3][-]{subsubsection.3.2.1}{Attack}{subsection.3.2}% 14
\BOOKMARK [3][-]{subsubsection.3.2.2}{Mitigation}{subsection.3.2}% 15
\BOOKMARK [1][-]{section.4}{Distributed Denial of Service Simulation}{}% 16
\BOOKMARK [1][-]{section.5}{Results}{}% 17
\BOOKMARK [1][-]{section.6}{Resources}{}% 18
\BOOKMARK [2][-]{subsection.6.1}{Hardware:}{section.6}% 19
\BOOKMARK [2][-]{subsection.6.2}{Software:}{section.6}% 20
\BOOKMARK [3][-]{subsubsection.6.2.1}{Operating System:}{subsection.6.2}% 21
\BOOKMARK [3][-]{subsubsection.6.2.2}{Simulation Software:}{subsection.6.2}% 22
\BOOKMARK [1][-]{section.7}{Reproduction}{}% 23
\BOOKMARK [2][-]{subsection.7.1}{Mininet}{section.7}% 24
\BOOKMARK [2][-]{subsection.7.2}{Floodlight OpenFlow Controller}{section.7}% 25
\BOOKMARK [2][-]{subsection.7.3}{Source Code}{section.7}% 26
\BOOKMARK [1][-]{section.8}{Conclusion}{}% 27
