This is pdfTeX, Version 3.14159265-2.6-1.40.21 (TeX Live 2020/Arch Linux) (preloaded format=pdflatex 2020.8.2)  30 AUG 2020 00:58
entering extended mode
 restricted \write18 enabled.
 file:line:error style messages enabled.
 %&-line parsing enabled.
**conference.tex
(./conference.tex
LaTeX2e <2020-02-02> patch level 5
L3 programming layer <2020-06-03> (./IEEEtran.cls
Document Class: IEEEtran 2015/08/26 V1.8b by Michael Shell
-- See the "IEEEtran_HOWTO" manual for usage information.
-- http://www.michaelshell.org/tex/ieeetran/
\@IEEEtrantmpdimenA=\dimen134
\@IEEEtrantmpdimenB=\dimen135
\@IEEEtrantmpdimenC=\dimen136
\@IEEEtrantmpcountA=\count167
\@IEEEtrantmpcountB=\count168
\@IEEEtrantmpcountC=\count169
\@IEEEtrantmptoksA=\toks15
LaTeX Font Info:    Trying to load font information for OT1+ptm on input line 503.
(/usr/share/texmf-dist/tex/latex/psnfss/ot1ptm.fd
File: ot1ptm.fd 2001/06/04 font definitions for OT1/ptm.
)
-- Using 210mm x 297mm (a4) paper.
-- Using PDF output.
\@IEEEnormalsizeunitybaselineskip=\dimen137
-- This is a 10 point document.
\CLASSINFOnormalsizebaselineskip=\dimen138
\CLASSINFOnormalsizeunitybaselineskip=\dimen139
\IEEEnormaljot=\dimen140
LaTeX Font Info:    Font shape `OT1/ptm/bx/n' in size <5> not available
(Font)              Font shape `OT1/ptm/b/n' tried instead on input line 1090.
LaTeX Font Info:    Font shape `OT1/ptm/bx/it' in size <5> not available
(Font)              Font shape `OT1/ptm/b/it' tried instead on input line 1090.
LaTeX Font Info:    Font shape `OT1/ptm/bx/n' in size <7> not available
(Font)              Font shape `OT1/ptm/b/n' tried instead on input line 1090.
LaTeX Font Info:    Font shape `OT1/ptm/bx/it' in size <7> not available
(Font)              Font shape `OT1/ptm/b/it' tried instead on input line 1090.
LaTeX Font Info:    Font shape `OT1/ptm/bx/n' in size <8> not available
(Font)              Font shape `OT1/ptm/b/n' tried instead on input line 1090.
LaTeX Font Info:    Font shape `OT1/ptm/bx/it' in size <8> not available
(Font)              Font shape `OT1/ptm/b/it' tried instead on input line 1090.
LaTeX Font Info:    Font shape `OT1/ptm/bx/n' in size <9> not available
(Font)              Font shape `OT1/ptm/b/n' tried instead on input line 1090.
LaTeX Font Info:    Font shape `OT1/ptm/bx/it' in size <9> not available
(Font)              Font shape `OT1/ptm/b/it' tried instead on input line 1090.
LaTeX Font Info:    Font shape `OT1/ptm/bx/n' in size <10> not available
(Font)              Font shape `OT1/ptm/b/n' tried instead on input line 1090.
LaTeX Font Info:    Font shape `OT1/ptm/bx/it' in size <10> not available
(Font)              Font shape `OT1/ptm/b/it' tried instead on input line 1090.
LaTeX Font Info:    Font shape `OT1/ptm/bx/n' in size <11> not available
(Font)              Font shape `OT1/ptm/b/n' tried instead on input line 1090.
LaTeX Font Info:    Font shape `OT1/ptm/bx/it' in size <11> not available
(Font)              Font shape `OT1/ptm/b/it' tried instead on input line 1090.
LaTeX Font Info:    Font shape `OT1/ptm/bx/n' in size <12> not available
(Font)              Font shape `OT1/ptm/b/n' tried instead on input line 1090.
LaTeX Font Info:    Font shape `OT1/ptm/bx/it' in size <12> not available
(Font)              Font shape `OT1/ptm/b/it' tried instead on input line 1090.
LaTeX Font Info:    Font shape `OT1/ptm/bx/n' in size <17> not available
(Font)              Font shape `OT1/ptm/b/n' tried instead on input line 1090.
LaTeX Font Info:    Font shape `OT1/ptm/bx/it' in size <17> not available
(Font)              Font shape `OT1/ptm/b/it' tried instead on input line 1090.
LaTeX Font Info:    Font shape `OT1/ptm/bx/n' in size <20> not available
(Font)              Font shape `OT1/ptm/b/n' tried instead on input line 1090.
LaTeX Font Info:    Font shape `OT1/ptm/bx/it' in size <20> not available
(Font)              Font shape `OT1/ptm/b/it' tried instead on input line 1090.
LaTeX Font Info:    Font shape `OT1/ptm/bx/n' in size <24> not available
(Font)              Font shape `OT1/ptm/b/n' tried instead on input line 1090.
LaTeX Font Info:    Font shape `OT1/ptm/bx/it' in size <24> not available
(Font)              Font shape `OT1/ptm/b/it' tried instead on input line 1090.
\IEEEquantizedlength=\dimen141
\IEEEquantizedlengthdiff=\dimen142
\IEEEquantizedtextheightdiff=\dimen143
\IEEEilabelindentA=\dimen144
\IEEEilabelindentB=\dimen145
\IEEEilabelindent=\dimen146
\IEEEelabelindent=\dimen147
\IEEEdlabelindent=\dimen148
\IEEElabelindent=\dimen149
\IEEEiednormlabelsep=\dimen150
\IEEEiedmathlabelsep=\dimen151
\IEEEiedtopsep=\skip47
\c@section=\count170
\c@subsection=\count171
\c@subsubsection=\count172
\c@paragraph=\count173
\c@IEEEsubequation=\count174
\abovecaptionskip=\skip48
\belowcaptionskip=\skip49
\c@figure=\count175
\c@table=\count176
\@IEEEeqnnumcols=\count177
\@IEEEeqncolcnt=\count178
\@IEEEsubeqnnumrollback=\count179
\@IEEEquantizeheightA=\dimen152
\@IEEEquantizeheightB=\dimen153
\@IEEEquantizeheightC=\dimen154
\@IEEEquantizeprevdepth=\dimen155
\@IEEEquantizemultiple=\count180
\@IEEEquantizeboxA=\box45
\@IEEEtmpitemindent=\dimen156
\IEEEPARstartletwidth=\dimen157
\c@IEEEbiography=\count181
\@IEEEtranrubishbin=\box46
) (/usr/share/texmf-dist/tex/latex/base/inputenc.sty
Package: inputenc 2018/08/11 v1.3c Input encoding file
\inpenc@prehook=\toks16
\inpenc@posthook=\toks17
) (/usr/share/texmf-dist/tex/latex/base/fontenc.sty
Package: fontenc 2020/02/11 v2.0o Standard LaTeX package
LaTeX Font Info:    Trying to load font information for T1+ptm on input line 112.
 (/usr/share/texmf-dist/tex/latex/psnfss/t1ptm.fd
File: t1ptm.fd 2001/06/04 font definitions for T1/ptm.
)) (/usr/share/texmf-dist/tex/latex/psnfss/mathptmx.sty
Package: mathptmx 2020/03/25 PSNFSS-v9.3 Times w/ Math, improved (SPQR, WaS) 
LaTeX Font Info:    Redeclaring symbol font `operators' on input line 28.
LaTeX Font Info:    Overwriting symbol font `operators' in version `normal'
(Font)                  OT1/cmr/m/n --> OT1/ztmcm/m/n on input line 28.
LaTeX Font Info:    Overwriting symbol font `operators' in version `bold'
(Font)                  OT1/cmr/bx/n --> OT1/ztmcm/m/n on input line 28.
LaTeX Font Info:    Redeclaring symbol font `letters' on input line 29.
LaTeX Font Info:    Overwriting symbol font `letters' in version `normal'
(Font)                  OML/cmm/m/it --> OML/ztmcm/m/it on input line 29.
LaTeX Font Info:    Overwriting symbol font `letters' in version `bold'
(Font)                  OML/cmm/b/it --> OML/ztmcm/m/it on input line 29.
LaTeX Font Info:    Redeclaring symbol font `symbols' on input line 30.
LaTeX Font Info:    Overwriting symbol font `symbols' in version `normal'
(Font)                  OMS/cmsy/m/n --> OMS/ztmcm/m/n on input line 30.
LaTeX Font Info:    Overwriting symbol font `symbols' in version `bold'
(Font)                  OMS/cmsy/b/n --> OMS/ztmcm/m/n on input line 30.
LaTeX Font Info:    Redeclaring symbol font `largesymbols' on input line 31.
LaTeX Font Info:    Overwriting symbol font `largesymbols' in version `normal'
(Font)                  OMX/cmex/m/n --> OMX/ztmcm/m/n on input line 31.
LaTeX Font Info:    Overwriting symbol font `largesymbols' in version `bold'
(Font)                  OMX/cmex/m/n --> OMX/ztmcm/m/n on input line 31.
\symbold=\mathgroup4
\symitalic=\mathgroup5
LaTeX Font Info:    Redeclaring math alphabet \mathbf on input line 34.
LaTeX Font Info:    Overwriting math alphabet `\mathbf' in version `normal'
(Font)                  OT1/cmr/bx/n --> OT1/ptm/bx/n on input line 34.
LaTeX Font Info:    Overwriting math alphabet `\mathbf' in version `bold'
(Font)                  OT1/cmr/bx/n --> OT1/ptm/bx/n on input line 34.
LaTeX Font Info:    Redeclaring math alphabet \mathit on input line 35.
LaTeX Font Info:    Overwriting math alphabet `\mathit' in version `normal'
(Font)                  OT1/cmr/m/it --> OT1/ptm/m/it on input line 35.
LaTeX Font Info:    Overwriting math alphabet `\mathit' in version `bold'
(Font)                  OT1/cmr/bx/it --> OT1/ptm/m/it on input line 35.
LaTeX Info: Redefining \hbar on input line 50.
) (/usr/share/texmf-dist/tex/latex/base/textcomp.sty
Package: textcomp 2020/02/02 v2.0n Standard LaTeX package
) (/usr/share/texmf-dist/tex/generic/babel/babel.sty
Package: babel 2020/05/13 3.44 The Babel package
 (/usr/share/texmf-dist/tex/generic/babel/babel.def
File: babel.def 2020/05/13 3.44 Babel common definitions
\babel@savecnt=\count182
\U@D=\dimen158
\l@babelnohyphens=\language86
 (/usr/share/texmf-dist/tex/generic/babel/txtbabel.def)
\bbl@readstream=\read2
)
\bbl@dirlevel=\count183
 (/usr/share/texmf-dist/tex/generic/babel-english/UKenglish.ldf
Language: UKenglish 2017/06/06 v3.3r English support from the babel system
 (/usr/share/texmf-dist/tex/generic/babel-english/english.ldf
Language: english 2017/06/06 v3.3r English support from the babel system
Package babel Info: \l@canadian = using hyphenrules for english
(babel)             (\language0) on input line 102.
Package babel Info: \l@australian = using hyphenrules for ukenglish
(babel)             (\language21) on input line 105.
Package babel Info: \l@newzealand = using hyphenrules for ukenglish
(babel)             (\language21) on input line 108.
))) (/usr/share/texmf-dist/tex/latex/amsmath/amsmath.sty
Package: amsmath 2020/01/20 v2.17e AMS math features
\@mathmargin=\skip50

For additional information on amsmath, use the `?' option.
(/usr/share/texmf-dist/tex/latex/amsmath/amstext.sty
Package: amstext 2000/06/29 v2.01 AMS text
 (/usr/share/texmf-dist/tex/latex/amsmath/amsgen.sty
File: amsgen.sty 1999/11/30 v2.0 generic functions
\@emptytoks=\toks18
\ex@=\dimen159
)) (/usr/share/texmf-dist/tex/latex/amsmath/amsbsy.sty
Package: amsbsy 1999/11/29 v1.2d Bold Symbols
\pmbraise@=\dimen160
) (/usr/share/texmf-dist/tex/latex/amsmath/amsopn.sty
Package: amsopn 2016/03/08 v2.02 operator names
)
\inf@bad=\count184
LaTeX Info: Redefining \frac on input line 227.
\uproot@=\count185
\leftroot@=\count186
LaTeX Info: Redefining \overline on input line 389.
\classnum@=\count187
\DOTSCASE@=\count188
LaTeX Info: Redefining \ldots on input line 486.
LaTeX Info: Redefining \dots on input line 489.
LaTeX Info: Redefining \cdots on input line 610.
\Mathstrutbox@=\box47
\strutbox@=\box48
\big@size=\dimen161
LaTeX Font Info:    Redeclaring font encoding OML on input line 733.
LaTeX Font Info:    Redeclaring font encoding OMS on input line 734.
\macc@depth=\count189
\c@MaxMatrixCols=\count190
\dotsspace@=\muskip16
\c@parentequation=\count191
\dspbrk@lvl=\count192
\tag@help=\toks19
\row@=\count193
\column@=\count194
\maxfields@=\count195
\andhelp@=\toks20
\eqnshift@=\dimen162
\alignsep@=\dimen163
\tagshift@=\dimen164
\tagwidth@=\dimen165
\totwidth@=\dimen166
\lineht@=\dimen167
\@envbody=\toks21
\multlinegap=\skip51
\multlinetaggap=\skip52
\mathdisplay@stack=\toks22
LaTeX Info: Redefining \[ on input line 2859.
LaTeX Info: Redefining \] on input line 2860.
) (/usr/share/texmf-dist/tex/latex/amsfonts/amssymb.sty
Package: amssymb 2013/01/14 v3.01 AMS font symbols
 (/usr/share/texmf-dist/tex/latex/amsfonts/amsfonts.sty
Package: amsfonts 2013/01/14 v3.01 Basic AMSFonts support
\symAMSa=\mathgroup6
\symAMSb=\mathgroup7
LaTeX Font Info:    Overwriting math alphabet `\mathfrak' in version `bold'
(Font)                  U/euf/m/n --> U/euf/b/n on input line 106.
)) (/usr/share/texmf-dist/tex/latex/float/float.sty
Package: float 2001/11/08 v1.3d Float enhancements (AL)
\c@float@type=\count196
\float@exts=\toks23
\float@box=\box49
\@float@everytoks=\toks24
\@floatcapt=\box50
) (/usr/share/texmf-dist/tex/latex/xcolor/xcolor.sty
Package: xcolor 2016/05/11 v2.12 LaTeX color extensions (UK)
 (/usr/share/texmf-dist/tex/latex/graphics-cfg/color.cfg
File: color.cfg 2016/01/02 v1.6 sample color configuration
)
Package xcolor Info: Driver file: pdftex.def on input line 225.
 (/usr/share/texmf-dist/tex/latex/graphics-def/pdftex.def
File: pdftex.def 2018/01/08 v1.0l Graphics/color driver for pdftex
)
Package xcolor Info: Model `cmy' substituted by `cmy0' on input line 1348.
Package xcolor Info: Model `hsb' substituted by `rgb' on input line 1352.
Package xcolor Info: Model `RGB' extended on input line 1364.
Package xcolor Info: Model `HTML' substituted by `rgb' on input line 1366.
Package xcolor Info: Model `Hsb' substituted by `hsb' on input line 1367.
Package xcolor Info: Model `tHsb' substituted by `hsb' on input line 1368.
Package xcolor Info: Model `HSB' substituted by `hsb' on input line 1369.
Package xcolor Info: Model `Gray' substituted by `gray' on input line 1370.
Package xcolor Info: Model `wave' substituted by `hsb' on input line 1371.
) (/usr/share/texmf-dist/tex/latex/listings/listings.sty (/usr/share/texmf-dist/tex/latex/graphics/keyval.sty
Package: keyval 2014/10/28 v1.15 key=value parser (DPC)
\KV@toks@=\toks25
)
\lst@mode=\count197
\lst@gtempboxa=\box51
\lst@token=\toks26
\lst@length=\count198
\lst@currlwidth=\dimen168
\lst@column=\count199
\lst@pos=\count266
\lst@lostspace=\dimen169
\lst@width=\dimen170
\lst@newlines=\count267
\lst@lineno=\count268
\lst@maxwidth=\dimen171
 (/usr/share/texmf-dist/tex/latex/listings/lstmisc.sty
File: lstmisc.sty 2020/03/24 1.8d (Carsten Heinz)
\c@lstnumber=\count269
\lst@skipnumbers=\count270
\lst@framebox=\box52
) (/usr/share/texmf-dist/tex/latex/listings/listings.cfg
File: listings.cfg 2020/03/24 1.8d listings configuration
))
Package: listings 2020/03/24 1.8d (Carsten Heinz)
 (/usr/share/texmf-dist/tex/latex/hyperref/hyperref.sty
Package: hyperref 2020-05-15 v7.00e Hypertext links for LaTeX
 (/usr/share/texmf-dist/tex/generic/ltxcmds/ltxcmds.sty
Package: ltxcmds 2019/12/15 v1.24 LaTeX kernel commands for general use (HO)
) (/usr/share/texmf-dist/tex/generic/iftex/iftex.sty
Package: iftex 2020/03/06 v1.0d TeX engine tests
) (/usr/share/texmf-dist/tex/latex/pdftexcmds/pdftexcmds.sty
Package: pdftexcmds 2020-06-04 v0.32 Utility functions of pdfTeX for LuaTeX (HO)
 (/usr/share/texmf-dist/tex/generic/infwarerr/infwarerr.sty
Package: infwarerr 2019/12/03 v1.5 Providing info/warning/error messages (HO)
)
Package pdftexcmds Info: \pdf@primitive is available.
Package pdftexcmds Info: \pdf@ifprimitive is available.
Package pdftexcmds Info: \pdfdraftmode found.
) (/usr/share/texmf-dist/tex/generic/kvsetkeys/kvsetkeys.sty
Package: kvsetkeys 2019/12/15 v1.18 Key value parser (HO)
) (/usr/share/texmf-dist/tex/generic/kvdefinekeys/kvdefinekeys.sty
Package: kvdefinekeys 2019-12-19 v1.6 Define keys (HO)
) (/usr/share/texmf-dist/tex/generic/pdfescape/pdfescape.sty
Package: pdfescape 2019/12/09 v1.15 Implements pdfTeX's escape features (HO)
) (/usr/share/texmf-dist/tex/latex/hycolor/hycolor.sty
Package: hycolor 2020-01-27 v1.10 Color options for hyperref/bookmark (HO)
) (/usr/share/texmf-dist/tex/latex/letltxmacro/letltxmacro.sty
Package: letltxmacro 2019/12/03 v1.6 Let assignment for LaTeX macros (HO)
) (/usr/share/texmf-dist/tex/latex/auxhook/auxhook.sty
Package: auxhook 2019-12-17 v1.6 Hooks for auxiliary files (HO)
) (/usr/share/texmf-dist/tex/latex/kvoptions/kvoptions.sty
Package: kvoptions 2019/11/29 v3.13 Key value format for package options (HO)
)
\@linkdim=\dimen172
\Hy@linkcounter=\count271
\Hy@pagecounter=\count272
 (/usr/share/texmf-dist/tex/latex/hyperref/pd1enc.def
File: pd1enc.def 2020-05-15 v7.00e Hyperref: PDFDocEncoding definition (HO)
Now handling font encoding PD1 ...
... no UTF-8 mapping file for font encoding PD1
) (/usr/share/texmf-dist/tex/generic/intcalc/intcalc.sty
Package: intcalc 2019/12/15 v1.3 Expandable calculations with integers (HO)
) (/usr/share/texmf-dist/tex/generic/etexcmds/etexcmds.sty
Package: etexcmds 2019/12/15 v1.7 Avoid name clashes with e-TeX commands (HO)
)
\Hy@SavedSpaceFactor=\count273
Package hyperref Info: Hyper figures OFF on input line 4464.
Package hyperref Info: Link nesting OFF on input line 4469.
Package hyperref Info: Hyper index ON on input line 4472.
Package hyperref Info: Plain pages OFF on input line 4479.
Package hyperref Info: Backreferencing OFF on input line 4484.
Package hyperref Info: Implicit mode ON; LaTeX internals redefined.
Package hyperref Info: Bookmarks ON on input line 4717.
\c@Hy@tempcnt=\count274
 (/usr/share/texmf-dist/tex/latex/url/url.sty
\Urlmuskip=\muskip17
Package: url 2013/09/16  ver 3.4  Verb mode for urls, etc.
)
LaTeX Info: Redefining \url on input line 5076.
\XeTeXLinkMargin=\dimen173
 (/usr/share/texmf-dist/tex/generic/bitset/bitset.sty
Package: bitset 2019/12/09 v1.3 Handle bit-vector datatype (HO)
 (/usr/share/texmf-dist/tex/generic/bigintcalc/bigintcalc.sty
Package: bigintcalc 2019/12/15 v1.5 Expandable calculations on big integers (HO)
))
\Fld@menulength=\count275
\Field@Width=\dimen174
\Fld@charsize=\dimen175
Package hyperref Info: Hyper figures OFF on input line 6347.
Package hyperref Info: Link nesting OFF on input line 6352.
Package hyperref Info: Hyper index ON on input line 6355.
Package hyperref Info: backreferencing OFF on input line 6362.
Package hyperref Info: Link coloring OFF on input line 6367.
Package hyperref Info: Link coloring with OCG OFF on input line 6372.
Package hyperref Info: PDF/A mode OFF on input line 6377.
LaTeX Info: Redefining \ref on input line 6417.
LaTeX Info: Redefining \pageref on input line 6421.
 (/usr/share/texmf-dist/tex/generic/atbegshi/atbegshi.sty
Package: atbegshi 2019/12/05 v1.19 At begin shipout hook (HO)
)
\Hy@abspage=\count276
\c@Item=\count277
\c@Hfootnote=\count278
)
Package hyperref Info: Driver (autodetected): hpdftex.
 (/usr/share/texmf-dist/tex/latex/hyperref/hpdftex.def
File: hpdftex.def 2020-05-15 v7.00e Hyperref driver for pdfTeX
 (/usr/share/texmf-dist/tex/latex/atveryend/atveryend.sty
Package: atveryend 2019-12-11 v1.11 Hooks at the very end of document (HO)
Package atveryend Info: \enddocument detected (standard20110627).
)
\Fld@listcount=\count279
\c@bookmark@seq@number=\count280

(/usr/share/texmf-dist/tex/latex/rerunfilecheck/rerunfilecheck.sty
Package: rerunfilecheck 2019/12/05 v1.9 Rerun checks for auxiliary files (HO)
 (/usr/share/texmf-dist/tex/generic/uniquecounter/uniquecounter.sty
Package: uniquecounter 2019/12/15 v1.4 Provide unlimited unique counter (HO)
)
Package uniquecounter Info: New unique counter `rerunfilecheck' on input line 286.
)
\Hy@SectionHShift=\skip53
)
Package hyperref Info: Option `colorlinks' set `false' on input line 30.
 (/usr/share/texmf-dist/tex/latex/biblatex/biblatex.sty
Package: biblatex 2019/12/01 v3.14 programmable bibliographies (PK/MW)
 (/usr/share/texmf-dist/tex/latex/etoolbox/etoolbox.sty
Package: etoolbox 2019/09/21 v2.5h e-TeX tools for LaTeX (JAW)
\etb@tempcnta=\count281
) (/usr/share/texmf-dist/tex/latex/logreq/logreq.sty
Package: logreq 2010/08/04 v1.0 xml request logger
\lrq@indent=\count282
 (/usr/share/texmf-dist/tex/latex/logreq/logreq.def
File: logreq.def 2010/08/04 v1.0 logreq spec v1.0
)) (/usr/share/texmf-dist/tex/latex/base/ifthen.sty
Package: ifthen 2014/09/29 v1.1c Standard LaTeX ifthen package (DPC)
)
\c@tabx@nest=\count283
\c@listtotal=\count284
\c@listcount=\count285
\c@liststart=\count286
\c@liststop=\count287
\c@citecount=\count288
\c@citetotal=\count289
\c@multicitecount=\count290
\c@multicitetotal=\count291
\c@instcount=\count292
\c@maxnames=\count293
\c@minnames=\count294
\c@maxitems=\count295
\c@minitems=\count296
\c@citecounter=\count297
\c@maxcitecounter=\count298
\c@savedcitecounter=\count299
\c@uniquelist=\count300
\c@uniquename=\count301
\c@refsection=\count302
\c@refsegment=\count303
\c@maxextratitle=\count304
\c@maxextratitleyear=\count305
\c@maxextraname=\count306
\c@maxextradate=\count307
\c@maxextraalpha=\count308
\c@abbrvpenalty=\count309
\c@highnamepenalty=\count310
\c@lownamepenalty=\count311
\c@maxparens=\count312
\c@parenlevel=\count313
\blx@tempcnta=\count314
\blx@tempcntb=\count315
\blx@tempcntc=\count316
\blx@maxsection=\count317
\blx@maxsegment@0=\count318
\blx@notetype=\count319
\blx@parenlevel@text=\count320
\blx@parenlevel@foot=\count321
\blx@sectionciteorder@0=\count322
\blx@entrysetcounter=\count323
\labelnumberwidth=\skip54
\labelalphawidth=\skip55
\biblabelsep=\skip56
\bibitemsep=\skip57
\bibnamesep=\skip58
\bibinitsep=\skip59
\bibparsep=\skip60
\bibhang=\skip61
\blx@bcfin=\read3
\blx@bcfout=\write3
\blx@langwohyphens=\language87
\c@mincomprange=\count324
\c@maxcomprange=\count325
\c@mincompwidth=\count326
Package biblatex Info: Trying to load biblatex default data model...
Package biblatex Info: ... file 'blx-dm.def' found.
 (/usr/share/texmf-dist/tex/latex/biblatex/blx-dm.def
File: blx-dm.def 2019/12/01 v3.14 biblatex localization (PK/MW)
)
Package biblatex Info: Trying to load biblatex style data model...
Package biblatex Info: ... file 'ieee.dbx' not found.
Package biblatex Info: Trying to load biblatex custom data model...
Package biblatex Info: ... file 'biblatex-dm.cfg' not found.
\c@afterword=\count327
\c@savedafterword=\count328
\c@annotator=\count329
\c@savedannotator=\count330
\c@author=\count331
\c@savedauthor=\count332
\c@bookauthor=\count333
\c@savedbookauthor=\count334
\c@commentator=\count335
\c@savedcommentator=\count336
\c@editor=\count337
\c@savededitor=\count338
\c@editora=\count339
\c@savededitora=\count340
\c@editorb=\count341
\c@savededitorb=\count342
\c@editorc=\count343
\c@savededitorc=\count344
\c@foreword=\count345
\c@savedforeword=\count346
\c@holder=\count347
\c@savedholder=\count348
\c@introduction=\count349
\c@savedintroduction=\count350
\c@namea=\count351
\c@savednamea=\count352
\c@nameb=\count353
\c@savednameb=\count354
\c@namec=\count355
\c@savednamec=\count356
\c@translator=\count357
\c@savedtranslator=\count358
\c@shortauthor=\count359
\c@savedshortauthor=\count360
\c@shorteditor=\count361
\c@savedshorteditor=\count362
\c@labelname=\count363
\c@savedlabelname=\count364
\c@institution=\count365
\c@savedinstitution=\count366
\c@lista=\count367
\c@savedlista=\count368
\c@listb=\count369
\c@savedlistb=\count370
\c@listc=\count371
\c@savedlistc=\count372
\c@listd=\count373
\c@savedlistd=\count374
\c@liste=\count375
\c@savedliste=\count376
\c@listf=\count377
\c@savedlistf=\count378
\c@location=\count379
\c@savedlocation=\count380
\c@organization=\count381
\c@savedorganization=\count382
\c@origlocation=\count383
\c@savedoriglocation=\count384
\c@origpublisher=\count385
\c@savedorigpublisher=\count386
\c@publisher=\count387
\c@savedpublisher=\count388
\c@language=\count389
\c@savedlanguage=\count390
\c@origlanguage=\count391
\c@savedoriglanguage=\count392
\c@pageref=\count393
\c@savedpageref=\count394
\shorthandwidth=\skip62
\shortjournalwidth=\skip63
\shortserieswidth=\skip64
\shorttitlewidth=\skip65
\shortauthorwidth=\skip66
\shorteditorwidth=\skip67
\locallabelnumberwidth=\skip68
\locallabelalphawidth=\skip69
\localshorthandwidth=\skip70
\localshortjournalwidth=\skip71
\localshortserieswidth=\skip72
\localshorttitlewidth=\skip73
\localshortauthorwidth=\skip74
\localshorteditorwidth=\skip75
Package biblatex Info: Trying to load compatibility code...
Package biblatex Info: ... file 'blx-compat.def' found.
 (/usr/share/texmf-dist/tex/latex/biblatex/blx-compat.def
File: blx-compat.def 2019/12/01 v3.14 biblatex compatibility (PK/MW)
)
Package biblatex Info: Trying to load generic definitions...
Package biblatex Info: ... file 'biblatex.def' found.
 (/usr/share/texmf-dist/tex/latex/biblatex/biblatex.def
File: biblatex.def 2019/12/01 v3.14 biblatex compatibility (PK/MW)
\c@textcitecount=\count395
\c@textcitetotal=\count396
\c@textcitemaxnames=\count397
\c@biburlbigbreakpenalty=\count398
\c@biburlbreakpenalty=\count399
\c@biburlnumpenalty=\count400
\c@biburlucpenalty=\count401
\c@biburllcpenalty=\count402
\biburlbigskip=\muskip18
\biburlnumskip=\muskip19
\biburlucskip=\muskip20
\biburllcskip=\muskip21
\c@smartand=\count403
)
Package biblatex Info: Trying to load bibliography style 'ieee'...
Package biblatex Info: ... file 'ieee.bbx' found.
 (/usr/share/texmf-dist/tex/latex/biblatex-ieee/ieee.bbx
File: ieee.bbx 2020/02/26 v1.3b biblatex bibliography style
Package biblatex Info: Trying to load bibliography style 'numeric-comp'...
Package biblatex Info: ... file 'numeric-comp.bbx' found.
 (/usr/share/texmf-dist/tex/latex/biblatex/bbx/numeric-comp.bbx
File: numeric-comp.bbx 2019/12/01 v3.14 biblatex bibliography style (PK/MW)
Package biblatex Info: Trying to load bibliography style 'numeric'...
Package biblatex Info: ... file 'numeric.bbx' found.
 (/usr/share/texmf-dist/tex/latex/biblatex/bbx/numeric.bbx
File: numeric.bbx 2019/12/01 v3.14 biblatex bibliography style (PK/MW)
Package biblatex Info: Trying to load bibliography style 'standard'...
Package biblatex Info: ... file 'standard.bbx' found.
 (/usr/share/texmf-dist/tex/latex/biblatex/bbx/standard.bbx
File: standard.bbx 2019/12/01 v3.14 biblatex bibliography style (PK/MW)
\c@bbx:relatedcount=\count404
\c@bbx:relatedtotal=\count405
))))
Package biblatex Info: Trying to load citation style 'ieee'...
Package biblatex Info: ... file 'ieee.cbx' found.
 (/usr/share/texmf-dist/tex/latex/biblatex-ieee/ieee.cbx
File: ieee.cbx 2020/02/26 v1.3b biblatex citation style
Package biblatex Info: Trying to load citation style 'numeric-comp'...
Package biblatex Info: ... file 'numeric-comp.cbx' found.
 (/usr/share/texmf-dist/tex/latex/biblatex/cbx/numeric-comp.cbx
File: numeric-comp.cbx 2019/12/01 v3.14 biblatex citation style (PK/MW)
\c@cbx@tempcnta=\count406
\c@cbx@tempcntb=\count407
Package biblatex Info: Redefining '\cite'.
Package biblatex Info: Redefining '\parencite'.
Package biblatex Info: Redefining '\footcite'.
Package biblatex Info: Redefining '\footcitetext'.
Package biblatex Info: Redefining '\smartcite'.
Package biblatex Info: Redefining '\supercite'.
Package biblatex Info: Redefining '\textcite'.
Package biblatex Info: Redefining '\textcites'.
Package biblatex Info: Redefining '\cites'.
Package biblatex Info: Redefining '\parencites'.
Package biblatex Info: Redefining '\smartcites'.
)
Package biblatex Info: Redefining '\cite'.
Package biblatex Info: Redefining '\cites'.
)
Package biblatex Info: Trying to load configuration file...
Package biblatex Info: ... file 'biblatex.cfg' found.
 (/usr/share/texmf-dist/tex/latex/biblatex/biblatex.cfg
File: biblatex.cfg 
)) (/usr/share/texmf-dist/tex/latex/import/import.sty
Package: import 2020/04/01  v 6.2
) (/usr/share/texmf-dist/tex/latex/xifthen/xifthen.sty
Package: xifthen 2015/11/05 v1.4.0 Extended ifthen features
 (/usr/share/texmf-dist/tex/latex/tools/calc.sty
Package: calc 2017/05/25 v4.3 Infix arithmetic (KKT,FJ)
\calc@Acount=\count408
\calc@Bcount=\count409
\calc@Adimen=\dimen176
\calc@Bdimen=\dimen177
\calc@Askip=\skip76
\calc@Bskip=\skip77
LaTeX Info: Redefining \setlength on input line 80.
LaTeX Info: Redefining \addtolength on input line 81.
\calc@Ccount=\count410
\calc@Cskip=\skip78
) (/usr/share/texmf-dist/tex/latex/ifmtarg/ifmtarg.sty
Package: ifmtarg 2018/04/16 v1.2b check for an empty argument
)) (/usr/share/texmf-dist/tex/latex/pdfpages/pdfpages.sty
Package: pdfpages 2020/01/28 v0.5q Insert pages of external PDF documents (AM)
 (/usr/share/texmf-dist/tex/latex/eso-pic/eso-pic.sty
Package: eso-pic 2018/04/12 v2.0h eso-pic (RN)
) (/usr/share/texmf-dist/tex/latex/graphics/graphicx.sty
Package: graphicx 2019/11/30 v1.2a Enhanced LaTeX Graphics (DPC,SPQR)
 (/usr/share/texmf-dist/tex/latex/graphics/graphics.sty
Package: graphics 2019/11/30 v1.4a Standard LaTeX Graphics (DPC,SPQR)
 (/usr/share/texmf-dist/tex/latex/graphics/trig.sty
Package: trig 2016/01/03 v1.10 sin cos tan (DPC)
) (/usr/share/texmf-dist/tex/latex/graphics-cfg/graphics.cfg
File: graphics.cfg 2016/06/04 v1.11 sample graphics configuration
)
Package graphics Info: Driver file: pdftex.def on input line 105.
)
\Gin@req@height=\dimen178
\Gin@req@width=\dimen179
)
\AM@pagewidth=\dimen180
\AM@pageheight=\dimen181
 (/usr/share/texmf-dist/tex/latex/pdfpages/pppdftex.def
File: pppdftex.def 2020/01/28 v0.5q Pdfpages driver for pdfTeX (AM)
)
\AM@pagebox=\box53
\AM@global@opts=\toks27
\AM@pagecnt=\count411
\AM@toc@title=\toks28
\c@AM@survey=\count412
\AM@templatesizebox=\box54
) (/usr/share/texmf-dist/tex/latex/transparent/transparent.sty
Package: transparent 2019/11/29 v1.4 Transparency via pdfTeX's color stack (HO)
)

Package biblatex Warning: 'babel/polyglossia' detected but 'csquotes' missing.
(biblatex)                Loading 'csquotes' recommended.

\@quotelevel=\count413
\@quotereset=\count414
(/usr/share/texmf-dist/tex/latex/l3backend/l3backend-pdfmode.def
File: l3backend-pdfmode.def 2020-06-03 L3 backend support: PDF mode
\l__kernel_color_stack_int=\count415
\l__pdf_internal_box=\box55
) (./conference.aux)
LaTeX Font Info:    Checking defaults for OML/cmm/m/it on input line 56.
LaTeX Font Info:    ... okay on input line 56.
LaTeX Font Info:    Checking defaults for OMS/cmsy/m/n on input line 56.
LaTeX Font Info:    ... okay on input line 56.
LaTeX Font Info:    Checking defaults for OT1/cmr/m/n on input line 56.
LaTeX Font Info:    ... okay on input line 56.
LaTeX Font Info:    Checking defaults for T1/cmr/m/n on input line 56.
LaTeX Font Info:    ... okay on input line 56.
LaTeX Font Info:    Checking defaults for TS1/cmr/m/n on input line 56.
LaTeX Font Info:    ... okay on input line 56.
LaTeX Font Info:    Checking defaults for OMX/cmex/m/n on input line 56.
LaTeX Font Info:    ... okay on input line 56.
LaTeX Font Info:    Checking defaults for U/cmr/m/n on input line 56.
LaTeX Font Info:    ... okay on input line 56.
LaTeX Font Info:    Checking defaults for PD1/pdf/m/n on input line 56.
LaTeX Font Info:    ... okay on input line 56.

-- Lines per column: 39 (exact).
(/usr/share/texmf-dist/tex/context/base/mkii/supp-pdf.mkii
[Loading MPS to PDF converter (version 2006.09.02).]
\scratchcounter=\count416
\scratchdimen=\dimen182
\scratchbox=\box56
\nofMPsegments=\count417
\nofMParguments=\count418
\everyMPshowfont=\toks29
\MPscratchCnt=\count419
\MPscratchDim=\dimen183
\MPnumerator=\count420
\makeMPintoPDFobject=\count421
\everyMPtoPDFconversion=\toks30
) (/usr/share/texmf-dist/tex/latex/epstopdf-pkg/epstopdf-base.sty
Package: epstopdf-base 2020-01-24 v2.11 Base part for package epstopdf
Package epstopdf-base Info: Redefining graphics rule for `.eps' on input line 485.
 (/usr/share/texmf-dist/tex/latex/latexconfig/epstopdf-sys.cfg
File: epstopdf-sys.cfg 2010/07/13 v1.3 Configuration of (r)epstopdf for TeX Live
))
\c@lstlisting=\count422
\AtBeginShipoutBox=\box57
Package hyperref Info: Link coloring OFF on input line 56.
 (/usr/share/texmf-dist/tex/latex/hyperref/nameref.sty
Package: nameref 2019/09/16 v2.46 Cross-referencing by name of section
 (/usr/share/texmf-dist/tex/latex/refcount/refcount.sty
Package: refcount 2019/12/15 v3.6 Data extraction from label references (HO)
) (/usr/share/texmf-dist/tex/generic/gettitlestring/gettitlestring.sty
Package: gettitlestring 2019/12/15 v1.6 Cleanup title references (HO)
)
\c@section@level=\count423
)
LaTeX Info: Redefining \ref on input line 56.
LaTeX Info: Redefining \pageref on input line 56.
LaTeX Info: Redefining \nameref on input line 56.
 (./conference.out) (./conference.out)
\@outlinefile=\write4
Package biblatex Info: Trying to load language 'UKenglish'...
Package biblatex Info: ... file 'UKenglish.lbx' found.
 (/usr/share/texmf-dist/tex/latex/biblatex/lbx/UKenglish.lbx
File: UKenglish.lbx 2019/12/01 v3.14 biblatex localization (PK/MW)
Package biblatex Info: Trying to load language 'british'...
Package biblatex Info: ... file 'british.lbx' found.
 (/usr/share/texmf-dist/tex/latex/biblatex/lbx/british.lbx
File: british.lbx 2019/12/01 v3.14 biblatex localization (PK/MW)
)
Package biblatex Info: Trying to load language 'british'...
Package biblatex Info: ... file 'british.lbx' found.
 (/usr/share/texmf-dist/tex/latex/biblatex/lbx/british.lbx
File: british.lbx 2019/12/01 v3.14 biblatex localization (PK/MW)
Package biblatex Info: Trying to load language 'english'...
Package biblatex Info: ... file 'english.lbx' found.
 (/usr/share/texmf-dist/tex/latex/biblatex/lbx/english.lbx
File: english.lbx 2019/12/01 v3.14 biblatex localization (PK/MW)
)))
Package biblatex Info: Input encoding 'utf8' detected.
Package biblatex Info: Automatic encoding selection.
(biblatex)             Assuming data encoding 'utf8'.
Package biblatex Info: Trying to load bibliographic data...
Package biblatex Info: ... file 'conference.bbl' found.
 (./conference.bbl)
Package biblatex Info: Reference section=0 on input line 56.
Package biblatex Info: Reference segment=0 on input line 56.
 (/usr/share/texmf-dist/tex/latex/pdflscape/pdflscape.sty
Package: pdflscape 2019/12/05 v0.12 Display of landscape pages in PDF (HO)
 (/usr/share/texmf-dist/tex/latex/graphics/lscape.sty
Package: lscape 2000/10/22 v3.01 Landscape Pages (DPC)
)
Package pdflscape Info: Auto-detected driver: pdftex on input line 81.
)
<cover/coverpage.pdf, id=20, 597.53236pt x 845.05714pt>
File: cover/coverpage.pdf Graphic file (type pdf)
<use cover/coverpage.pdf>
Package pdftex.def Info: cover/coverpage.pdf  used on input line 72.
(pdftex.def)             Requested size: 597.5309pt x 845.05507pt.
File: cover/coverpage.pdf Graphic file (type pdf)
<use cover/coverpage.pdf>
Package pdftex.def Info: cover/coverpage.pdf  used on input line 72.
(pdftex.def)             Requested size: 597.5309pt x 845.05507pt.
<cover/coverpage.pdf, id=23, page=1, 597.53236pt x 845.05714pt>
File: cover/coverpage.pdf Graphic file (type pdf)
<use cover/coverpage.pdf, page 1>
Package pdftex.def Info: cover/coverpage.pdf , page1 used on input line 72.
(pdftex.def)             Requested size: 597.5309pt x 845.05507pt.
File: cover/coverpage.pdf Graphic file (type pdf)
<use cover/coverpage.pdf, page 1>
Package pdftex.def Info: cover/coverpage.pdf , page1 used on input line 72.
(pdftex.def)             Requested size: 597.55824pt x 845.09375pt.
File: cover/coverpage.pdf Graphic file (type pdf)
<use cover/coverpage.pdf, page 1>
Package pdftex.def Info: cover/coverpage.pdf , page1 used on input line 72.
(pdftex.def)             Requested size: 597.55824pt x 845.09375pt.
File: cover/coverpage.pdf Graphic file (type pdf)
<use cover/coverpage.pdf, page 1>
Package pdftex.def Info: cover/coverpage.pdf , page1 used on input line 72.
(pdftex.def)             Requested size: 597.55824pt x 845.09375pt.

./conference.tex:72: Undefined control sequence.
\@outputdblcol ...}}\@combinedblfloats \@setmarks 
                                                  \@outputpage \begingroup \...
l.72 \includepdf{cover/coverpage}
                                 
The control sequence at the end of the top line
of your error message was never \def'ed. If you have
misspelled it (e.g., `\hobx'), type `I' and the correct
spelling (e.g., `I\hbox'). Otherwise just continue,
and I'll forget about whatever was undefined.

File: cover/coverpage.pdf Graphic file (type pdf)
<use cover/coverpage.pdf, page 1>
Package pdftex.def Info: cover/coverpage.pdf , page1 used on input line 72.
(pdftex.def)             Requested size: 597.55824pt x 845.09375pt.
[1

 <./cover/coverpage.pdf>]
LaTeX Font Info:    Trying to load font information for OT1+ztmcm on input line 81.
 (/usr/share/texmf-dist/tex/latex/psnfss/ot1ztmcm.fd
File: ot1ztmcm.fd 2000/01/03 Fontinst v1.801 font definitions for OT1/ztmcm.
)
LaTeX Font Info:    Trying to load font information for OML+ztmcm on input line 81.
 (/usr/share/texmf-dist/tex/latex/psnfss/omlztmcm.fd
File: omlztmcm.fd 2000/01/03 Fontinst v1.801 font definitions for OML/ztmcm.
)
LaTeX Font Info:    Trying to load font information for OMS+ztmcm on input line 81.
 (/usr/share/texmf-dist/tex/latex/psnfss/omsztmcm.fd
File: omsztmcm.fd 2000/01/03 Fontinst v1.801 font definitions for OMS/ztmcm.
)
LaTeX Font Info:    Trying to load font information for OMX+ztmcm on input line 81.
 (/usr/share/texmf-dist/tex/latex/psnfss/omxztmcm.fd
File: omxztmcm.fd 2000/01/03 Fontinst v1.801 font definitions for OMX/ztmcm.
)
LaTeX Font Info:    Font shape `OT1/ptm/bx/n' in size <7.4> not available
(Font)              Font shape `OT1/ptm/b/n' tried instead on input line 85.
LaTeX Font Info:    Font shape `OT1/ptm/bx/n' in size <6> not available
(Font)              Font shape `OT1/ptm/b/n' tried instead on input line 85.
 [2{/var/lib/texmf/fonts/map/pdftex/updmap/pdftex.map}


]
<Portfolio/LitReview/LitReview.pdf, id=56, 597.50829pt x 845.0471pt>
File: Portfolio/LitReview/LitReview.pdf Graphic file (type pdf)
<use Portfolio/LitReview/LitReview.pdf>
Package pdftex.def Info: Portfolio/LitReview/LitReview.pdf  used on input line 110.
(pdftex.def)             Requested size: 597.50682pt x 845.04504pt.
File: Portfolio/LitReview/LitReview.pdf Graphic file (type pdf)
<use Portfolio/LitReview/LitReview.pdf>
Package pdftex.def Info: Portfolio/LitReview/LitReview.pdf  used on input line 110.
(pdftex.def)             Requested size: 597.50682pt x 845.04504pt.
<Portfolio/LitReview/LitReview.pdf, id=59, page=1, 597.50829pt x 845.0471pt>
File: Portfolio/LitReview/LitReview.pdf Graphic file (type pdf)
<use Portfolio/LitReview/LitReview.pdf, page 1>
Package pdftex.def Info: Portfolio/LitReview/LitReview.pdf , page1 used on input line 110.
(pdftex.def)             Requested size: 597.50682pt x 845.04504pt.
File: Portfolio/LitReview/LitReview.pdf Graphic file (type pdf)
<use Portfolio/LitReview/LitReview.pdf, page 1>
Package pdftex.def Info: Portfolio/LitReview/LitReview.pdf , page1 used on input line 110.
(pdftex.def)             Requested size: 597.53416pt x 845.08372pt.
File: Portfolio/LitReview/LitReview.pdf Graphic file (type pdf)
<use Portfolio/LitReview/LitReview.pdf, page 1>
Package pdftex.def Info: Portfolio/LitReview/LitReview.pdf , page1 used on input line 110.
(pdftex.def)             Requested size: 597.53416pt x 845.08372pt.
File: Portfolio/LitReview/LitReview.pdf Graphic file (type pdf)
<use Portfolio/LitReview/LitReview.pdf, page 1>
Package pdftex.def Info: Portfolio/LitReview/LitReview.pdf , page1 used on input line 110.
(pdftex.def)             Requested size: 597.53416pt x 845.08372pt.
File: Portfolio/LitReview/LitReview.pdf Graphic file (type pdf)
<use Portfolio/LitReview/LitReview.pdf, page 1>
Package pdftex.def Info: Portfolio/LitReview/LitReview.pdf , page1 used on input line 110.
(pdftex.def)             Requested size: 597.53416pt x 845.08372pt.
 [3 <./Portfolio/LitReview/LitReview.pdf>]
<Portfolio/LitReview/LitReview.pdf, id=85, page=2, 597.50829pt x 845.0471pt>
File: Portfolio/LitReview/LitReview.pdf Graphic file (type pdf)
<use Portfolio/LitReview/LitReview.pdf, page 2>
Package pdftex.def Info: Portfolio/LitReview/LitReview.pdf , page2 used on input line 110.
(pdftex.def)             Requested size: 597.53416pt x 845.08372pt.
File: Portfolio/LitReview/LitReview.pdf Graphic file (type pdf)
<use Portfolio/LitReview/LitReview.pdf, page 2>
Package pdftex.def Info: Portfolio/LitReview/LitReview.pdf , page2 used on input line 110.
(pdftex.def)             Requested size: 597.53416pt x 845.08372pt.
File: Portfolio/LitReview/LitReview.pdf Graphic file (type pdf)
<use Portfolio/LitReview/LitReview.pdf, page 2>
Package pdftex.def Info: Portfolio/LitReview/LitReview.pdf , page2 used on input line 110.
(pdftex.def)             Requested size: 597.53416pt x 845.08372pt.
 [4 <./Portfolio/LitReview/LitReview.pdf>]
<Portfolio/LitReview/LitReview.pdf, id=91, page=3, 597.50829pt x 845.0471pt>
File: Portfolio/LitReview/LitReview.pdf Graphic file (type pdf)
<use Portfolio/LitReview/LitReview.pdf, page 3>
Package pdftex.def Info: Portfolio/LitReview/LitReview.pdf , page3 used on input line 110.
(pdftex.def)             Requested size: 597.53416pt x 845.08372pt.
File: Portfolio/LitReview/LitReview.pdf Graphic file (type pdf)
<use Portfolio/LitReview/LitReview.pdf, page 3>
Package pdftex.def Info: Portfolio/LitReview/LitReview.pdf , page3 used on input line 110.
(pdftex.def)             Requested size: 597.53416pt x 845.08372pt.
File: Portfolio/LitReview/LitReview.pdf Graphic file (type pdf)
<use Portfolio/LitReview/LitReview.pdf, page 3>
Package pdftex.def Info: Portfolio/LitReview/LitReview.pdf , page3 used on input line 110.
(pdftex.def)             Requested size: 597.53416pt x 845.08372pt.
 [5 <./Portfolio/LitReview/LitReview.pdf>]
<Portfolio/LitReview/LitReview.pdf, id=96, page=4, 597.50829pt x 845.0471pt>
File: Portfolio/LitReview/LitReview.pdf Graphic file (type pdf)
<use Portfolio/LitReview/LitReview.pdf, page 4>
Package pdftex.def Info: Portfolio/LitReview/LitReview.pdf , page4 used on input line 110.
(pdftex.def)             Requested size: 597.53416pt x 845.08372pt.
File: Portfolio/LitReview/LitReview.pdf Graphic file (type pdf)
<use Portfolio/LitReview/LitReview.pdf, page 4>
Package pdftex.def Info: Portfolio/LitReview/LitReview.pdf , page4 used on input line 110.
(pdftex.def)             Requested size: 597.53416pt x 845.08372pt.
File: Portfolio/LitReview/LitReview.pdf Graphic file (type pdf)
<use Portfolio/LitReview/LitReview.pdf, page 4>
Package pdftex.def Info: Portfolio/LitReview/LitReview.pdf , page4 used on input line 110.
(pdftex.def)             Requested size: 597.53416pt x 845.08372pt.
 [6

 <./Portfolio/LitReview/LitReview.pdf>]
<Portfolio/ProjectDesignPlan/designPlan.pdf, id=103, 614.295pt x 794.97pt>
File: Portfolio/ProjectDesignPlan/designPlan.pdf Graphic file (type pdf)
<use Portfolio/ProjectDesignPlan/designPlan.pdf>
Package pdftex.def Info: Portfolio/ProjectDesignPlan/designPlan.pdf  used on input line 111.
(pdftex.def)             Requested size: 614.29349pt x 794.96806pt.
File: Portfolio/ProjectDesignPlan/designPlan.pdf Graphic file (type pdf)
<use Portfolio/ProjectDesignPlan/designPlan.pdf>
Package pdftex.def Info: Portfolio/ProjectDesignPlan/designPlan.pdf  used on input line 111.
(pdftex.def)             Requested size: 614.29349pt x 794.96806pt.
<Portfolio/ProjectDesignPlan/designPlan.pdf, id=106, page=1, 614.295pt x 794.97pt>
File: Portfolio/ProjectDesignPlan/designPlan.pdf Graphic file (type pdf)
<use Portfolio/ProjectDesignPlan/designPlan.pdf, page 1>
Package pdftex.def Info: Portfolio/ProjectDesignPlan/designPlan.pdf , page1 used on input line 111.
(pdftex.def)             Requested size: 614.29349pt x 794.96806pt.
File: Portfolio/ProjectDesignPlan/designPlan.pdf Graphic file (type pdf)
<use Portfolio/ProjectDesignPlan/designPlan.pdf, page 1>
Package pdftex.def Info: Portfolio/ProjectDesignPlan/designPlan.pdf , page1 used on input line 111.
(pdftex.def)             Requested size: 597.78697pt x 773.60669pt.
File: Portfolio/ProjectDesignPlan/designPlan.pdf Graphic file (type pdf)
<use Portfolio/ProjectDesignPlan/designPlan.pdf, page 1>
Package pdftex.def Info: Portfolio/ProjectDesignPlan/designPlan.pdf , page1 used on input line 111.
(pdftex.def)             Requested size: 597.78697pt x 773.60669pt.
File: Portfolio/ProjectDesignPlan/designPlan.pdf Graphic file (type pdf)
<use Portfolio/ProjectDesignPlan/designPlan.pdf, page 1>
Package pdftex.def Info: Portfolio/ProjectDesignPlan/designPlan.pdf , page1 used on input line 111.
(pdftex.def)             Requested size: 597.78697pt x 773.60669pt.
File: Portfolio/ProjectDesignPlan/designPlan.pdf Graphic file (type pdf)
<use Portfolio/ProjectDesignPlan/designPlan.pdf, page 1>
Package pdftex.def Info: Portfolio/ProjectDesignPlan/designPlan.pdf , page1 used on input line 111.
(pdftex.def)             Requested size: 597.78697pt x 773.60669pt.
 [7 <./Portfolio/ProjectDesignPlan/designPlan.pdf>]
<Portfolio/ProjectDesignPlan/designPlan.pdf, id=119, page=2, 614.295pt x 794.97pt>
File: Portfolio/ProjectDesignPlan/designPlan.pdf Graphic file (type pdf)
<use Portfolio/ProjectDesignPlan/designPlan.pdf, page 2>
Package pdftex.def Info: Portfolio/ProjectDesignPlan/designPlan.pdf , page2 used on input line 111.
(pdftex.def)             Requested size: 597.78697pt x 773.60669pt.
File: Portfolio/ProjectDesignPlan/designPlan.pdf Graphic file (type pdf)
<use Portfolio/ProjectDesignPlan/designPlan.pdf, page 2>
Package pdftex.def Info: Portfolio/ProjectDesignPlan/designPlan.pdf , page2 used on input line 111.
(pdftex.def)             Requested size: 597.78697pt x 773.60669pt.
File: Portfolio/ProjectDesignPlan/designPlan.pdf Graphic file (type pdf)
<use Portfolio/ProjectDesignPlan/designPlan.pdf, page 2>
Package pdftex.def Info: Portfolio/ProjectDesignPlan/designPlan.pdf , page2 used on input line 111.
(pdftex.def)             Requested size: 597.78697pt x 773.60669pt.
 [8 <./Portfolio/ProjectDesignPlan/designPlan.pdf>]
<Portfolio/ProjectDesignPlan/designPlan.pdf, id=124, page=3, 614.295pt x 794.97pt>
File: Portfolio/ProjectDesignPlan/designPlan.pdf Graphic file (type pdf)
<use Portfolio/ProjectDesignPlan/designPlan.pdf, page 3>
Package pdftex.def Info: Portfolio/ProjectDesignPlan/designPlan.pdf , page3 used on input line 111.
(pdftex.def)             Requested size: 597.78697pt x 773.60669pt.
File: Portfolio/ProjectDesignPlan/designPlan.pdf Graphic file (type pdf)
<use Portfolio/ProjectDesignPlan/designPlan.pdf, page 3>
Package pdftex.def Info: Portfolio/ProjectDesignPlan/designPlan.pdf , page3 used on input line 111.
(pdftex.def)             Requested size: 597.78697pt x 773.60669pt.
File: Portfolio/ProjectDesignPlan/designPlan.pdf Graphic file (type pdf)
<use Portfolio/ProjectDesignPlan/designPlan.pdf, page 3>
Package pdftex.def Info: Portfolio/ProjectDesignPlan/designPlan.pdf , page3 used on input line 111.
(pdftex.def)             Requested size: 597.78697pt x 773.60669pt.
 [9 <./Portfolio/ProjectDesignPlan/designPlan.pdf>]
<Portfolio/ProjectDesignPlan/designPlan.pdf, id=135, page=4, 614.295pt x 794.97pt>
File: Portfolio/ProjectDesignPlan/designPlan.pdf Graphic file (type pdf)
<use Portfolio/ProjectDesignPlan/designPlan.pdf, page 4>
Package pdftex.def Info: Portfolio/ProjectDesignPlan/designPlan.pdf , page4 used on input line 111.
(pdftex.def)             Requested size: 597.78697pt x 773.60669pt.
File: Portfolio/ProjectDesignPlan/designPlan.pdf Graphic file (type pdf)
<use Portfolio/ProjectDesignPlan/designPlan.pdf, page 4>
Package pdftex.def Info: Portfolio/ProjectDesignPlan/designPlan.pdf , page4 used on input line 111.
(pdftex.def)             Requested size: 597.78697pt x 773.60669pt.
File: Portfolio/ProjectDesignPlan/designPlan.pdf Graphic file (type pdf)
<use Portfolio/ProjectDesignPlan/designPlan.pdf, page 4>
Package pdftex.def Info: Portfolio/ProjectDesignPlan/designPlan.pdf , page4 used on input line 111.
(pdftex.def)             Requested size: 597.78697pt x 773.60669pt.
 [10 <./Portfolio/ProjectDesignPlan/designPlan.pdf>]
<Portfolio/ResearchLog/researchLog.pdf, id=140, 614.295pt x 794.97pt>
File: Portfolio/ResearchLog/researchLog.pdf Graphic file (type pdf)
<use Portfolio/ResearchLog/researchLog.pdf>
Package pdftex.def Info: Portfolio/ResearchLog/researchLog.pdf  used on input line 112.
(pdftex.def)             Requested size: 614.29349pt x 794.96806pt.
File: Portfolio/ResearchLog/researchLog.pdf Graphic file (type pdf)
<use Portfolio/ResearchLog/researchLog.pdf>
Package pdftex.def Info: Portfolio/ResearchLog/researchLog.pdf  used on input line 112.
(pdftex.def)             Requested size: 614.29349pt x 794.96806pt.
<Portfolio/ResearchLog/researchLog.pdf, id=143, page=1, 614.295pt x 794.97pt>
File: Portfolio/ResearchLog/researchLog.pdf Graphic file (type pdf)
<use Portfolio/ResearchLog/researchLog.pdf, page 1>
Package pdftex.def Info: Portfolio/ResearchLog/researchLog.pdf , page1 used on input line 112.
(pdftex.def)             Requested size: 614.29349pt x 794.96806pt.
File: Portfolio/ResearchLog/researchLog.pdf Graphic file (type pdf)
<use Portfolio/ResearchLog/researchLog.pdf, page 1>
Package pdftex.def Info: Portfolio/ResearchLog/researchLog.pdf , page1 used on input line 112.
(pdftex.def)             Requested size: 597.78697pt x 773.60669pt.
File: Portfolio/ResearchLog/researchLog.pdf Graphic file (type pdf)
<use Portfolio/ResearchLog/researchLog.pdf, page 1>
Package pdftex.def Info: Portfolio/ResearchLog/researchLog.pdf , page1 used on input line 112.
(pdftex.def)             Requested size: 597.78697pt x 773.60669pt.
File: Portfolio/ResearchLog/researchLog.pdf Graphic file (type pdf)
<use Portfolio/ResearchLog/researchLog.pdf, page 1>
Package pdftex.def Info: Portfolio/ResearchLog/researchLog.pdf , page1 used on input line 112.
(pdftex.def)             Requested size: 597.78697pt x 773.60669pt.
File: Portfolio/ResearchLog/researchLog.pdf Graphic file (type pdf)
<use Portfolio/ResearchLog/researchLog.pdf, page 1>
Package pdftex.def Info: Portfolio/ResearchLog/researchLog.pdf , page1 used on input line 112.
(pdftex.def)             Requested size: 597.78697pt x 773.60669pt.
 [11 <./Portfolio/ResearchLog/researchLog.pdf>]
<Portfolio/ResearchLog/researchLog.pdf, id=152, page=2, 614.295pt x 794.97pt>
File: Portfolio/ResearchLog/researchLog.pdf Graphic file (type pdf)
<use Portfolio/ResearchLog/researchLog.pdf, page 2>
Package pdftex.def Info: Portfolio/ResearchLog/researchLog.pdf , page2 used on input line 112.
(pdftex.def)             Requested size: 597.78697pt x 773.60669pt.
File: Portfolio/ResearchLog/researchLog.pdf Graphic file (type pdf)
<use Portfolio/ResearchLog/researchLog.pdf, page 2>
Package pdftex.def Info: Portfolio/ResearchLog/researchLog.pdf , page2 used on input line 112.
(pdftex.def)             Requested size: 597.78697pt x 773.60669pt.
File: Portfolio/ResearchLog/researchLog.pdf Graphic file (type pdf)
<use Portfolio/ResearchLog/researchLog.pdf, page 2>
Package pdftex.def Info: Portfolio/ResearchLog/researchLog.pdf , page2 used on input line 112.
(pdftex.def)             Requested size: 597.78697pt x 773.60669pt.
 [12 <./Portfolio/ResearchLog/researchLog.pdf>]
<Portfolio/ResearchLog/researchLog.pdf, id=186, page=3, 614.295pt x 794.97pt>
File: Portfolio/ResearchLog/researchLog.pdf Graphic file (type pdf)
<use Portfolio/ResearchLog/researchLog.pdf, page 3>
Package pdftex.def Info: Portfolio/ResearchLog/researchLog.pdf , page3 used on input line 112.
(pdftex.def)             Requested size: 597.78697pt x 773.60669pt.
File: Portfolio/ResearchLog/researchLog.pdf Graphic file (type pdf)
<use Portfolio/ResearchLog/researchLog.pdf, page 3>
Package pdftex.def Info: Portfolio/ResearchLog/researchLog.pdf , page3 used on input line 112.
(pdftex.def)             Requested size: 597.78697pt x 773.60669pt.
File: Portfolio/ResearchLog/researchLog.pdf Graphic file (type pdf)
<use Portfolio/ResearchLog/researchLog.pdf, page 3>
Package pdftex.def Info: Portfolio/ResearchLog/researchLog.pdf , page3 used on input line 112.
(pdftex.def)             Requested size: 597.78697pt x 773.60669pt.
 [13 <./Portfolio/ResearchLog/researchLog.pdf>]
<Portfolio/ResearchLog/researchLog.pdf, id=206, page=4, 614.295pt x 794.97pt>
File: Portfolio/ResearchLog/researchLog.pdf Graphic file (type pdf)
<use Portfolio/ResearchLog/researchLog.pdf, page 4>
Package pdftex.def Info: Portfolio/ResearchLog/researchLog.pdf , page4 used on input line 112.
(pdftex.def)             Requested size: 597.78697pt x 773.60669pt.
File: Portfolio/ResearchLog/researchLog.pdf Graphic file (type pdf)
<use Portfolio/ResearchLog/researchLog.pdf, page 4>
Package pdftex.def Info: Portfolio/ResearchLog/researchLog.pdf , page4 used on input line 112.
(pdftex.def)             Requested size: 597.78697pt x 773.60669pt.
File: Portfolio/ResearchLog/researchLog.pdf Graphic file (type pdf)
<use Portfolio/ResearchLog/researchLog.pdf, page 4>
Package pdftex.def Info: Portfolio/ResearchLog/researchLog.pdf , page4 used on input line 112.
(pdftex.def)             Requested size: 597.78697pt x 773.60669pt.
 [14 <./Portfolio/ResearchLog/researchLog.pdf>]
<Portfolio/ResearchLog/researchLog.pdf, id=214, page=5, 614.295pt x 794.97pt>
File: Portfolio/ResearchLog/researchLog.pdf Graphic file (type pdf)
<use Portfolio/ResearchLog/researchLog.pdf, page 5>
Package pdftex.def Info: Portfolio/ResearchLog/researchLog.pdf , page5 used on input line 112.
(pdftex.def)             Requested size: 597.78697pt x 773.60669pt.
File: Portfolio/ResearchLog/researchLog.pdf Graphic file (type pdf)
<use Portfolio/ResearchLog/researchLog.pdf, page 5>
Package pdftex.def Info: Portfolio/ResearchLog/researchLog.pdf , page5 used on input line 112.
(pdftex.def)             Requested size: 597.78697pt x 773.60669pt.
File: Portfolio/ResearchLog/researchLog.pdf Graphic file (type pdf)
<use Portfolio/ResearchLog/researchLog.pdf, page 5>
Package pdftex.def Info: Portfolio/ResearchLog/researchLog.pdf , page5 used on input line 112.
(pdftex.def)             Requested size: 597.78697pt x 773.60669pt.
 [15 <./Portfolio/ResearchLog/researchLog.pdf>]
<Portfolio/ResearchLog/researchLog.pdf, id=222, page=6, 614.295pt x 794.97pt>
File: Portfolio/ResearchLog/researchLog.pdf Graphic file (type pdf)
<use Portfolio/ResearchLog/researchLog.pdf, page 6>
Package pdftex.def Info: Portfolio/ResearchLog/researchLog.pdf , page6 used on input line 112.
(pdftex.def)             Requested size: 597.78697pt x 773.60669pt.
File: Portfolio/ResearchLog/researchLog.pdf Graphic file (type pdf)
<use Portfolio/ResearchLog/researchLog.pdf, page 6>
Package pdftex.def Info: Portfolio/ResearchLog/researchLog.pdf , page6 used on input line 112.
(pdftex.def)             Requested size: 597.78697pt x 773.60669pt.
File: Portfolio/ResearchLog/researchLog.pdf Graphic file (type pdf)
<use Portfolio/ResearchLog/researchLog.pdf, page 6>
Package pdftex.def Info: Portfolio/ResearchLog/researchLog.pdf , page6 used on input line 112.
(pdftex.def)             Requested size: 597.78697pt x 773.60669pt.
 [16 <./Portfolio/ResearchLog/researchLog.pdf>]
<Portfolio/ResearchLog/researchLog.pdf, id=230, page=7, 614.295pt x 794.97pt>
File: Portfolio/ResearchLog/researchLog.pdf Graphic file (type pdf)
<use Portfolio/ResearchLog/researchLog.pdf, page 7>
Package pdftex.def Info: Portfolio/ResearchLog/researchLog.pdf , page7 used on input line 112.
(pdftex.def)             Requested size: 597.78697pt x 773.60669pt.
File: Portfolio/ResearchLog/researchLog.pdf Graphic file (type pdf)
<use Portfolio/ResearchLog/researchLog.pdf, page 7>
Package pdftex.def Info: Portfolio/ResearchLog/researchLog.pdf , page7 used on input line 112.
(pdftex.def)             Requested size: 597.78697pt x 773.60669pt.
File: Portfolio/ResearchLog/researchLog.pdf Graphic file (type pdf)
<use Portfolio/ResearchLog/researchLog.pdf, page 7>
Package pdftex.def Info: Portfolio/ResearchLog/researchLog.pdf , page7 used on input line 112.
(pdftex.def)             Requested size: 597.78697pt x 773.60669pt.
 [17 <./Portfolio/ResearchLog/researchLog.pdf>]
<Portfolio/ResearchLog/researchLog.pdf, id=238, page=8, 614.295pt x 794.97pt>
File: Portfolio/ResearchLog/researchLog.pdf Graphic file (type pdf)
<use Portfolio/ResearchLog/researchLog.pdf, page 8>
Package pdftex.def Info: Portfolio/ResearchLog/researchLog.pdf , page8 used on input line 112.
(pdftex.def)             Requested size: 597.78697pt x 773.60669pt.
File: Portfolio/ResearchLog/researchLog.pdf Graphic file (type pdf)
<use Portfolio/ResearchLog/researchLog.pdf, page 8>
Package pdftex.def Info: Portfolio/ResearchLog/researchLog.pdf , page8 used on input line 112.
(pdftex.def)             Requested size: 597.78697pt x 773.60669pt.
File: Portfolio/ResearchLog/researchLog.pdf Graphic file (type pdf)
<use Portfolio/ResearchLog/researchLog.pdf, page 8>
Package pdftex.def Info: Portfolio/ResearchLog/researchLog.pdf , page8 used on input line 112.
(pdftex.def)             Requested size: 597.78697pt x 773.60669pt.
 [18 <./Portfolio/ResearchLog/researchLog.pdf>]
<Portfolio/ResearchLog/researchLog.pdf, id=246, page=9, 614.295pt x 794.97pt>
File: Portfolio/ResearchLog/researchLog.pdf Graphic file (type pdf)
<use Portfolio/ResearchLog/researchLog.pdf, page 9>
Package pdftex.def Info: Portfolio/ResearchLog/researchLog.pdf , page9 used on input line 112.
(pdftex.def)             Requested size: 597.78697pt x 773.60669pt.
File: Portfolio/ResearchLog/researchLog.pdf Graphic file (type pdf)
<use Portfolio/ResearchLog/researchLog.pdf, page 9>
Package pdftex.def Info: Portfolio/ResearchLog/researchLog.pdf , page9 used on input line 112.
(pdftex.def)             Requested size: 597.78697pt x 773.60669pt.
File: Portfolio/ResearchLog/researchLog.pdf Graphic file (type pdf)
<use Portfolio/ResearchLog/researchLog.pdf, page 9>
Package pdftex.def Info: Portfolio/ResearchLog/researchLog.pdf , page9 used on input line 112.
(pdftex.def)             Requested size: 597.78697pt x 773.60669pt.
 [19 <./Portfolio/ResearchLog/researchLog.pdf>]
<Portfolio/ResearchLog/researchLog.pdf, id=255, page=10, 614.295pt x 794.97pt>
File: Portfolio/ResearchLog/researchLog.pdf Graphic file (type pdf)
<use Portfolio/ResearchLog/researchLog.pdf, page 10>
Package pdftex.def Info: Portfolio/ResearchLog/researchLog.pdf , page10 used on input line 112.
(pdftex.def)             Requested size: 597.78697pt x 773.60669pt.
File: Portfolio/ResearchLog/researchLog.pdf Graphic file (type pdf)
<use Portfolio/ResearchLog/researchLog.pdf, page 10>
Package pdftex.def Info: Portfolio/ResearchLog/researchLog.pdf , page10 used on input line 112.
(pdftex.def)             Requested size: 597.78697pt x 773.60669pt.
File: Portfolio/ResearchLog/researchLog.pdf Graphic file (type pdf)
<use Portfolio/ResearchLog/researchLog.pdf, page 10>
Package pdftex.def Info: Portfolio/ResearchLog/researchLog.pdf , page10 used on input line 112.
(pdftex.def)             Requested size: 597.78697pt x 773.60669pt.
 [20 <./Portfolio/ResearchLog/researchLog.pdf>]
<Portfolio/ResearchLog/researchLog.pdf, id=263, page=11, 614.295pt x 794.97pt>
File: Portfolio/ResearchLog/researchLog.pdf Graphic file (type pdf)
<use Portfolio/ResearchLog/researchLog.pdf, page 11>
Package pdftex.def Info: Portfolio/ResearchLog/researchLog.pdf , page11 used on input line 112.
(pdftex.def)             Requested size: 597.78697pt x 773.60669pt.
File: Portfolio/ResearchLog/researchLog.pdf Graphic file (type pdf)
<use Portfolio/ResearchLog/researchLog.pdf, page 11>
Package pdftex.def Info: Portfolio/ResearchLog/researchLog.pdf , page11 used on input line 112.
(pdftex.def)             Requested size: 597.78697pt x 773.60669pt.
File: Portfolio/ResearchLog/researchLog.pdf Graphic file (type pdf)
<use Portfolio/ResearchLog/researchLog.pdf, page 11>
Package pdftex.def Info: Portfolio/ResearchLog/researchLog.pdf , page11 used on input line 112.
(pdftex.def)             Requested size: 597.78697pt x 773.60669pt.
 [21 <./Portfolio/ResearchLog/researchLog.pdf>]
<Portfolio/IoTVulnerabilities/IoTVulnerabilities.pdf, id=271, 614.295pt x 794.97pt>
File: Portfolio/IoTVulnerabilities/IoTVulnerabilities.pdf Graphic file (type pdf)
<use Portfolio/IoTVulnerabilities/IoTVulnerabilities.pdf>
Package pdftex.def Info: Portfolio/IoTVulnerabilities/IoTVulnerabilities.pdf  used on input line 113.
(pdftex.def)             Requested size: 614.29349pt x 794.96806pt.
File: Portfolio/IoTVulnerabilities/IoTVulnerabilities.pdf Graphic file (type pdf)
<use Portfolio/IoTVulnerabilities/IoTVulnerabilities.pdf>
Package pdftex.def Info: Portfolio/IoTVulnerabilities/IoTVulnerabilities.pdf  used on input line 113.
(pdftex.def)             Requested size: 614.29349pt x 794.96806pt.
<Portfolio/IoTVulnerabilities/IoTVulnerabilities.pdf, id=274, page=1, 614.295pt x 794.97pt>
File: Portfolio/IoTVulnerabilities/IoTVulnerabilities.pdf Graphic file (type pdf)
<use Portfolio/IoTVulnerabilities/IoTVulnerabilities.pdf, page 1>
Package pdftex.def Info: Portfolio/IoTVulnerabilities/IoTVulnerabilities.pdf , page1 used on input line 113.
(pdftex.def)             Requested size: 614.29349pt x 794.96806pt.
File: Portfolio/IoTVulnerabilities/IoTVulnerabilities.pdf Graphic file (type pdf)
<use Portfolio/IoTVulnerabilities/IoTVulnerabilities.pdf, page 1>
Package pdftex.def Info: Portfolio/IoTVulnerabilities/IoTVulnerabilities.pdf , page1 used on input line 113.
(pdftex.def)             Requested size: 597.78697pt x 773.60669pt.
File: Portfolio/IoTVulnerabilities/IoTVulnerabilities.pdf Graphic file (type pdf)
<use Portfolio/IoTVulnerabilities/IoTVulnerabilities.pdf, page 1>
Package pdftex.def Info: Portfolio/IoTVulnerabilities/IoTVulnerabilities.pdf , page1 used on input line 113.
(pdftex.def)             Requested size: 597.78697pt x 773.60669pt.
File: Portfolio/IoTVulnerabilities/IoTVulnerabilities.pdf Graphic file (type pdf)
<use Portfolio/IoTVulnerabilities/IoTVulnerabilities.pdf, page 1>
Package pdftex.def Info: Portfolio/IoTVulnerabilities/IoTVulnerabilities.pdf , page1 used on input line 113.
(pdftex.def)             Requested size: 597.78697pt x 773.60669pt.
File: Portfolio/IoTVulnerabilities/IoTVulnerabilities.pdf Graphic file (type pdf)
<use Portfolio/IoTVulnerabilities/IoTVulnerabilities.pdf, page 1>
Package pdftex.def Info: Portfolio/IoTVulnerabilities/IoTVulnerabilities.pdf , page1 used on input line 113.
(pdftex.def)             Requested size: 597.78697pt x 773.60669pt.
 [22 <./Portfolio/IoTVulnerabilities/IoTVulnerabilities.pdf>]
<Portfolio/IoTVulnerabilities/IoTVulnerabilities.pdf, id=286, page=2, 614.295pt x 794.97pt>
File: Portfolio/IoTVulnerabilities/IoTVulnerabilities.pdf Graphic file (type pdf)
<use Portfolio/IoTVulnerabilities/IoTVulnerabilities.pdf, page 2>
Package pdftex.def Info: Portfolio/IoTVulnerabilities/IoTVulnerabilities.pdf , page2 used on input line 113.
(pdftex.def)             Requested size: 597.78697pt x 773.60669pt.
File: Portfolio/IoTVulnerabilities/IoTVulnerabilities.pdf Graphic file (type pdf)
<use Portfolio/IoTVulnerabilities/IoTVulnerabilities.pdf, page 2>
Package pdftex.def Info: Portfolio/IoTVulnerabilities/IoTVulnerabilities.pdf , page2 used on input line 113.
(pdftex.def)             Requested size: 597.78697pt x 773.60669pt.
File: Portfolio/IoTVulnerabilities/IoTVulnerabilities.pdf Graphic file (type pdf)
<use Portfolio/IoTVulnerabilities/IoTVulnerabilities.pdf, page 2>
Package pdftex.def Info: Portfolio/IoTVulnerabilities/IoTVulnerabilities.pdf , page2 used on input line 113.
(pdftex.def)             Requested size: 597.78697pt x 773.60669pt.
 [23 <./Portfolio/IoTVulnerabilities/IoTVulnerabilities.pdf>]
<Portfolio/IoTVulnerabilities/IoTVulnerabilities.pdf, id=291, page=3, 614.295pt x 794.97pt>
File: Portfolio/IoTVulnerabilities/IoTVulnerabilities.pdf Graphic file (type pdf)
<use Portfolio/IoTVulnerabilities/IoTVulnerabilities.pdf, page 3>
Package pdftex.def Info: Portfolio/IoTVulnerabilities/IoTVulnerabilities.pdf , page3 used on input line 113.
(pdftex.def)             Requested size: 597.78697pt x 773.60669pt.
File: Portfolio/IoTVulnerabilities/IoTVulnerabilities.pdf Graphic file (type pdf)
<use Portfolio/IoTVulnerabilities/IoTVulnerabilities.pdf, page 3>
Package pdftex.def Info: Portfolio/IoTVulnerabilities/IoTVulnerabilities.pdf , page3 used on input line 113.
(pdftex.def)             Requested size: 597.78697pt x 773.60669pt.
File: Portfolio/IoTVulnerabilities/IoTVulnerabilities.pdf Graphic file (type pdf)
<use Portfolio/IoTVulnerabilities/IoTVulnerabilities.pdf, page 3>
Package pdftex.def Info: Portfolio/IoTVulnerabilities/IoTVulnerabilities.pdf , page3 used on input line 113.
(pdftex.def)             Requested size: 597.78697pt x 773.60669pt.
 [24 <./Portfolio/IoTVulnerabilities/IoTVulnerabilities.pdf>]
<Portfolio/IoTVulnerabilities/IoTVulnerabilities.pdf, id=296, page=4, 614.295pt x 794.97pt>
File: Portfolio/IoTVulnerabilities/IoTVulnerabilities.pdf Graphic file (type pdf)
<use Portfolio/IoTVulnerabilities/IoTVulnerabilities.pdf, page 4>
Package pdftex.def Info: Portfolio/IoTVulnerabilities/IoTVulnerabilities.pdf , page4 used on input line 113.
(pdftex.def)             Requested size: 597.78697pt x 773.60669pt.
File: Portfolio/IoTVulnerabilities/IoTVulnerabilities.pdf Graphic file (type pdf)
<use Portfolio/IoTVulnerabilities/IoTVulnerabilities.pdf, page 4>
Package pdftex.def Info: Portfolio/IoTVulnerabilities/IoTVulnerabilities.pdf , page4 used on input line 113.
(pdftex.def)             Requested size: 597.78697pt x 773.60669pt.
File: Portfolio/IoTVulnerabilities/IoTVulnerabilities.pdf Graphic file (type pdf)
<use Portfolio/IoTVulnerabilities/IoTVulnerabilities.pdf, page 4>
Package pdftex.def Info: Portfolio/IoTVulnerabilities/IoTVulnerabilities.pdf , page4 used on input line 113.
(pdftex.def)             Requested size: 597.78697pt x 773.60669pt.
 [25 <./Portfolio/IoTVulnerabilities/IoTVulnerabilities.pdf>]
<Portfolio/IoTVulnerabilities/IoTVulnerabilities.pdf, id=302, page=5, 614.295pt x 794.97pt>
File: Portfolio/IoTVulnerabilities/IoTVulnerabilities.pdf Graphic file (type pdf)
<use Portfolio/IoTVulnerabilities/IoTVulnerabilities.pdf, page 5>
Package pdftex.def Info: Portfolio/IoTVulnerabilities/IoTVulnerabilities.pdf , page5 used on input line 113.
(pdftex.def)             Requested size: 597.78697pt x 773.60669pt.
File: Portfolio/IoTVulnerabilities/IoTVulnerabilities.pdf Graphic file (type pdf)
<use Portfolio/IoTVulnerabilities/IoTVulnerabilities.pdf, page 5>
Package pdftex.def Info: Portfolio/IoTVulnerabilities/IoTVulnerabilities.pdf , page5 used on input line 113.
(pdftex.def)             Requested size: 597.78697pt x 773.60669pt.
File: Portfolio/IoTVulnerabilities/IoTVulnerabilities.pdf Graphic file (type pdf)
<use Portfolio/IoTVulnerabilities/IoTVulnerabilities.pdf, page 5>
Package pdftex.def Info: Portfolio/IoTVulnerabilities/IoTVulnerabilities.pdf , page5 used on input line 113.
(pdftex.def)             Requested size: 597.78697pt x 773.60669pt.
 [26 <./Portfolio/IoTVulnerabilities/IoTVulnerabilities.pdf>]
<Portfolio/IoTVulnerabilities/IoTVulnerabilities.pdf, id=307, page=6, 614.295pt x 794.97pt>
File: Portfolio/IoTVulnerabilities/IoTVulnerabilities.pdf Graphic file (type pdf)
<use Portfolio/IoTVulnerabilities/IoTVulnerabilities.pdf, page 6>
Package pdftex.def Info: Portfolio/IoTVulnerabilities/IoTVulnerabilities.pdf , page6 used on input line 113.
(pdftex.def)             Requested size: 597.78697pt x 773.60669pt.
File: Portfolio/IoTVulnerabilities/IoTVulnerabilities.pdf Graphic file (type pdf)
<use Portfolio/IoTVulnerabilities/IoTVulnerabilities.pdf, page 6>
Package pdftex.def Info: Portfolio/IoTVulnerabilities/IoTVulnerabilities.pdf , page6 used on input line 113.
(pdftex.def)             Requested size: 597.78697pt x 773.60669pt.
File: Portfolio/IoTVulnerabilities/IoTVulnerabilities.pdf Graphic file (type pdf)
<use Portfolio/IoTVulnerabilities/IoTVulnerabilities.pdf, page 6>
Package pdftex.def Info: Portfolio/IoTVulnerabilities/IoTVulnerabilities.pdf , page6 used on input line 113.
(pdftex.def)             Requested size: 597.78697pt x 773.60669pt.
 [27 <./Portfolio/IoTVulnerabilities/IoTVulnerabilities.pdf>]
<Portfolio/IoTVulnerabilities/IoTVulnerabilities.pdf, id=312, page=7, 614.295pt x 794.97pt>
File: Portfolio/IoTVulnerabilities/IoTVulnerabilities.pdf Graphic file (type pdf)
<use Portfolio/IoTVulnerabilities/IoTVulnerabilities.pdf, page 7>
Package pdftex.def Info: Portfolio/IoTVulnerabilities/IoTVulnerabilities.pdf , page7 used on input line 113.
(pdftex.def)             Requested size: 597.78697pt x 773.60669pt.
File: Portfolio/IoTVulnerabilities/IoTVulnerabilities.pdf Graphic file (type pdf)
<use Portfolio/IoTVulnerabilities/IoTVulnerabilities.pdf, page 7>
Package pdftex.def Info: Portfolio/IoTVulnerabilities/IoTVulnerabilities.pdf , page7 used on input line 113.
(pdftex.def)             Requested size: 597.78697pt x 773.60669pt.
File: Portfolio/IoTVulnerabilities/IoTVulnerabilities.pdf Graphic file (type pdf)
<use Portfolio/IoTVulnerabilities/IoTVulnerabilities.pdf, page 7>
Package pdftex.def Info: Portfolio/IoTVulnerabilities/IoTVulnerabilities.pdf , page7 used on input line 113.
(pdftex.def)             Requested size: 597.78697pt x 773.60669pt.
 [28 <./Portfolio/IoTVulnerabilities/IoTVulnerabilities.pdf>]
<Portfolio/IoTVulnerabilities/IoTVulnerabilities.pdf, id=317, page=8, 614.295pt x 794.97pt>
File: Portfolio/IoTVulnerabilities/IoTVulnerabilities.pdf Graphic file (type pdf)
<use Portfolio/IoTVulnerabilities/IoTVulnerabilities.pdf, page 8>
Package pdftex.def Info: Portfolio/IoTVulnerabilities/IoTVulnerabilities.pdf , page8 used on input line 113.
(pdftex.def)             Requested size: 597.78697pt x 773.60669pt.
File: Portfolio/IoTVulnerabilities/IoTVulnerabilities.pdf Graphic file (type pdf)
<use Portfolio/IoTVulnerabilities/IoTVulnerabilities.pdf, page 8>
Package pdftex.def Info: Portfolio/IoTVulnerabilities/IoTVulnerabilities.pdf , page8 used on input line 113.
(pdftex.def)             Requested size: 597.78697pt x 773.60669pt.
File: Portfolio/IoTVulnerabilities/IoTVulnerabilities.pdf Graphic file (type pdf)
<use Portfolio/IoTVulnerabilities/IoTVulnerabilities.pdf, page 8>
Package pdftex.def Info: Portfolio/IoTVulnerabilities/IoTVulnerabilities.pdf , page8 used on input line 113.
(pdftex.def)             Requested size: 597.78697pt x 773.60669pt.
 [29 <./Portfolio/IoTVulnerabilities/IoTVulnerabilities.pdf>]
<Portfolio/IoTVulnerabilities/IoTVulnerabilities.pdf, id=322, page=9, 614.295pt x 794.97pt>
File: Portfolio/IoTVulnerabilities/IoTVulnerabilities.pdf Graphic file (type pdf)
<use Portfolio/IoTVulnerabilities/IoTVulnerabilities.pdf, page 9>
Package pdftex.def Info: Portfolio/IoTVulnerabilities/IoTVulnerabilities.pdf , page9 used on input line 113.
(pdftex.def)             Requested size: 597.78697pt x 773.60669pt.
File: Portfolio/IoTVulnerabilities/IoTVulnerabilities.pdf Graphic file (type pdf)
<use Portfolio/IoTVulnerabilities/IoTVulnerabilities.pdf, page 9>
Package pdftex.def Info: Portfolio/IoTVulnerabilities/IoTVulnerabilities.pdf , page9 used on input line 113.
(pdftex.def)             Requested size: 597.78697pt x 773.60669pt.
File: Portfolio/IoTVulnerabilities/IoTVulnerabilities.pdf Graphic file (type pdf)
<use Portfolio/IoTVulnerabilities/IoTVulnerabilities.pdf, page 9>
Package pdftex.def Info: Portfolio/IoTVulnerabilities/IoTVulnerabilities.pdf , page9 used on input line 113.
(pdftex.def)             Requested size: 597.78697pt x 773.60669pt.
 [30 <./Portfolio/IoTVulnerabilities/IoTVulnerabilities.pdf>]
<Portfolio/IoTVulnerabilities/IoTVulnerabilities.pdf, id=334, page=10, 614.295pt x 794.97pt>
File: Portfolio/IoTVulnerabilities/IoTVulnerabilities.pdf Graphic file (type pdf)
<use Portfolio/IoTVulnerabilities/IoTVulnerabilities.pdf, page 10>
Package pdftex.def Info: Portfolio/IoTVulnerabilities/IoTVulnerabilities.pdf , page10 used on input line 113.
(pdftex.def)             Requested size: 597.78697pt x 773.60669pt.
File: Portfolio/IoTVulnerabilities/IoTVulnerabilities.pdf Graphic file (type pdf)
<use Portfolio/IoTVulnerabilities/IoTVulnerabilities.pdf, page 10>
Package pdftex.def Info: Portfolio/IoTVulnerabilities/IoTVulnerabilities.pdf , page10 used on input line 113.
(pdftex.def)             Requested size: 597.78697pt x 773.60669pt.
File: Portfolio/IoTVulnerabilities/IoTVulnerabilities.pdf Graphic file (type pdf)
<use Portfolio/IoTVulnerabilities/IoTVulnerabilities.pdf, page 10>
Package pdftex.def Info: Portfolio/IoTVulnerabilities/IoTVulnerabilities.pdf , page10 used on input line 113.
(pdftex.def)             Requested size: 597.78697pt x 773.60669pt.
 [31 <./Portfolio/IoTVulnerabilities/IoTVulnerabilities.pdf>]
<Portfolio/IoTVulnerabilities/IoTVulnerabilities.pdf, id=350, page=11, 614.295pt x 794.97pt>
File: Portfolio/IoTVulnerabilities/IoTVulnerabilities.pdf Graphic file (type pdf)
<use Portfolio/IoTVulnerabilities/IoTVulnerabilities.pdf, page 11>
Package pdftex.def Info: Portfolio/IoTVulnerabilities/IoTVulnerabilities.pdf , page11 used on input line 113.
(pdftex.def)             Requested size: 597.78697pt x 773.60669pt.
File: Portfolio/IoTVulnerabilities/IoTVulnerabilities.pdf Graphic file (type pdf)
<use Portfolio/IoTVulnerabilities/IoTVulnerabilities.pdf, page 11>
Package pdftex.def Info: Portfolio/IoTVulnerabilities/IoTVulnerabilities.pdf , page11 used on input line 113.
(pdftex.def)             Requested size: 597.78697pt x 773.60669pt.
File: Portfolio/IoTVulnerabilities/IoTVulnerabilities.pdf Graphic file (type pdf)
<use Portfolio/IoTVulnerabilities/IoTVulnerabilities.pdf, page 11>
Package pdftex.def Info: Portfolio/IoTVulnerabilities/IoTVulnerabilities.pdf , page11 used on input line 113.
(pdftex.def)             Requested size: 597.78697pt x 773.60669pt.
 [32 <./Portfolio/IoTVulnerabilities/IoTVulnerabilities.pdf>]
<Portfolio/Simulation/Simulation.pdf, id=355, 614.295pt x 794.97pt>
File: Portfolio/Simulation/Simulation.pdf Graphic file (type pdf)
<use Portfolio/Simulation/Simulation.pdf>
Package pdftex.def Info: Portfolio/Simulation/Simulation.pdf  used on input line 114.
(pdftex.def)             Requested size: 614.29349pt x 794.96806pt.
File: Portfolio/Simulation/Simulation.pdf Graphic file (type pdf)
<use Portfolio/Simulation/Simulation.pdf>
Package pdftex.def Info: Portfolio/Simulation/Simulation.pdf  used on input line 114.
(pdftex.def)             Requested size: 614.29349pt x 794.96806pt.
<Portfolio/Simulation/Simulation.pdf, id=358, page=1, 614.295pt x 794.97pt>
File: Portfolio/Simulation/Simulation.pdf Graphic file (type pdf)
<use Portfolio/Simulation/Simulation.pdf, page 1>
Package pdftex.def Info: Portfolio/Simulation/Simulation.pdf , page1 used on input line 114.
(pdftex.def)             Requested size: 614.29349pt x 794.96806pt.
File: Portfolio/Simulation/Simulation.pdf Graphic file (type pdf)
<use Portfolio/Simulation/Simulation.pdf, page 1>
Package pdftex.def Info: Portfolio/Simulation/Simulation.pdf , page1 used on input line 114.
(pdftex.def)             Requested size: 597.78697pt x 773.60669pt.
File: Portfolio/Simulation/Simulation.pdf Graphic file (type pdf)
<use Portfolio/Simulation/Simulation.pdf, page 1>
Package pdftex.def Info: Portfolio/Simulation/Simulation.pdf , page1 used on input line 114.
(pdftex.def)             Requested size: 597.78697pt x 773.60669pt.
File: Portfolio/Simulation/Simulation.pdf Graphic file (type pdf)
<use Portfolio/Simulation/Simulation.pdf, page 1>
Package pdftex.def Info: Portfolio/Simulation/Simulation.pdf , page1 used on input line 114.
(pdftex.def)             Requested size: 597.78697pt x 773.60669pt.
File: Portfolio/Simulation/Simulation.pdf Graphic file (type pdf)
<use Portfolio/Simulation/Simulation.pdf, page 1>
Package pdftex.def Info: Portfolio/Simulation/Simulation.pdf , page1 used on input line 114.
(pdftex.def)             Requested size: 597.78697pt x 773.60669pt.
 [33 <./Portfolio/Simulation/Simulation.pdf>]
<Portfolio/Simulation/Simulation.pdf, id=370, page=2, 614.295pt x 794.97pt>
File: Portfolio/Simulation/Simulation.pdf Graphic file (type pdf)
<use Portfolio/Simulation/Simulation.pdf, page 2>
Package pdftex.def Info: Portfolio/Simulation/Simulation.pdf , page2 used on input line 114.
(pdftex.def)             Requested size: 597.78697pt x 773.60669pt.
File: Portfolio/Simulation/Simulation.pdf Graphic file (type pdf)
<use Portfolio/Simulation/Simulation.pdf, page 2>
Package pdftex.def Info: Portfolio/Simulation/Simulation.pdf , page2 used on input line 114.
(pdftex.def)             Requested size: 597.78697pt x 773.60669pt.
File: Portfolio/Simulation/Simulation.pdf Graphic file (type pdf)
<use Portfolio/Simulation/Simulation.pdf, page 2>
Package pdftex.def Info: Portfolio/Simulation/Simulation.pdf , page2 used on input line 114.
(pdftex.def)             Requested size: 597.78697pt x 773.60669pt.
 [34 <./Portfolio/Simulation/Simulation.pdf>]
<Portfolio/Simulation/Simulation.pdf, id=375, page=3, 614.295pt x 794.97pt>
File: Portfolio/Simulation/Simulation.pdf Graphic file (type pdf)
<use Portfolio/Simulation/Simulation.pdf, page 3>
Package pdftex.def Info: Portfolio/Simulation/Simulation.pdf , page3 used on input line 114.
(pdftex.def)             Requested size: 597.78697pt x 773.60669pt.
File: Portfolio/Simulation/Simulation.pdf Graphic file (type pdf)
<use Portfolio/Simulation/Simulation.pdf, page 3>
Package pdftex.def Info: Portfolio/Simulation/Simulation.pdf , page3 used on input line 114.
(pdftex.def)             Requested size: 597.78697pt x 773.60669pt.
File: Portfolio/Simulation/Simulation.pdf Graphic file (type pdf)
<use Portfolio/Simulation/Simulation.pdf, page 3>
Package pdftex.def Info: Portfolio/Simulation/Simulation.pdf , page3 used on input line 114.
(pdftex.def)             Requested size: 597.78697pt x 773.60669pt.
 [35 <./Portfolio/Simulation/Simulation.pdf>]
<Portfolio/Simulation/Simulation.pdf, id=380, page=4, 614.295pt x 794.97pt>
File: Portfolio/Simulation/Simulation.pdf Graphic file (type pdf)
<use Portfolio/Simulation/Simulation.pdf, page 4>
Package pdftex.def Info: Portfolio/Simulation/Simulation.pdf , page4 used on input line 114.
(pdftex.def)             Requested size: 597.78697pt x 773.60669pt.
File: Portfolio/Simulation/Simulation.pdf Graphic file (type pdf)
<use Portfolio/Simulation/Simulation.pdf, page 4>
Package pdftex.def Info: Portfolio/Simulation/Simulation.pdf , page4 used on input line 114.
(pdftex.def)             Requested size: 597.78697pt x 773.60669pt.
File: Portfolio/Simulation/Simulation.pdf Graphic file (type pdf)
<use Portfolio/Simulation/Simulation.pdf, page 4>
Package pdftex.def Info: Portfolio/Simulation/Simulation.pdf , page4 used on input line 114.
(pdftex.def)             Requested size: 597.78697pt x 773.60669pt.
 [36 <./Portfolio/Simulation/Simulation.pdf>]
<Portfolio/Simulation/Simulation.pdf, id=388, page=5, 614.295pt x 794.97pt>
File: Portfolio/Simulation/Simulation.pdf Graphic file (type pdf)
<use Portfolio/Simulation/Simulation.pdf, page 5>
Package pdftex.def Info: Portfolio/Simulation/Simulation.pdf , page5 used on input line 114.
(pdftex.def)             Requested size: 597.78697pt x 773.60669pt.
File: Portfolio/Simulation/Simulation.pdf Graphic file (type pdf)
<use Portfolio/Simulation/Simulation.pdf, page 5>
Package pdftex.def Info: Portfolio/Simulation/Simulation.pdf , page5 used on input line 114.
(pdftex.def)             Requested size: 597.78697pt x 773.60669pt.
File: Portfolio/Simulation/Simulation.pdf Graphic file (type pdf)
<use Portfolio/Simulation/Simulation.pdf, page 5>
Package pdftex.def Info: Portfolio/Simulation/Simulation.pdf , page5 used on input line 114.
(pdftex.def)             Requested size: 597.78697pt x 773.60669pt.
 [37 <./Portfolio/Simulation/Simulation.pdf>]
<Portfolio/Simulation/Simulation.pdf, id=397, page=6, 614.295pt x 794.97pt>
File: Portfolio/Simulation/Simulation.pdf Graphic file (type pdf)
<use Portfolio/Simulation/Simulation.pdf, page 6>
Package pdftex.def Info: Portfolio/Simulation/Simulation.pdf , page6 used on input line 114.
(pdftex.def)             Requested size: 597.78697pt x 773.60669pt.
File: Portfolio/Simulation/Simulation.pdf Graphic file (type pdf)
<use Portfolio/Simulation/Simulation.pdf, page 6>
Package pdftex.def Info: Portfolio/Simulation/Simulation.pdf , page6 used on input line 114.
(pdftex.def)             Requested size: 597.78697pt x 773.60669pt.
File: Portfolio/Simulation/Simulation.pdf Graphic file (type pdf)
<use Portfolio/Simulation/Simulation.pdf, page 6>
Package pdftex.def Info: Portfolio/Simulation/Simulation.pdf , page6 used on input line 114.
(pdftex.def)             Requested size: 597.78697pt x 773.60669pt.
 [38 <./Portfolio/Simulation/Simulation.pdf>]
<Portfolio/Simulation/Simulation.pdf, id=405, page=7, 614.295pt x 794.97pt>
File: Portfolio/Simulation/Simulation.pdf Graphic file (type pdf)
<use Portfolio/Simulation/Simulation.pdf, page 7>
Package pdftex.def Info: Portfolio/Simulation/Simulation.pdf , page7 used on input line 114.
(pdftex.def)             Requested size: 597.78697pt x 773.60669pt.
File: Portfolio/Simulation/Simulation.pdf Graphic file (type pdf)
<use Portfolio/Simulation/Simulation.pdf, page 7>
Package pdftex.def Info: Portfolio/Simulation/Simulation.pdf , page7 used on input line 114.
(pdftex.def)             Requested size: 597.78697pt x 773.60669pt.
File: Portfolio/Simulation/Simulation.pdf Graphic file (type pdf)
<use Portfolio/Simulation/Simulation.pdf, page 7>
Package pdftex.def Info: Portfolio/Simulation/Simulation.pdf , page7 used on input line 114.
(pdftex.def)             Requested size: 597.78697pt x 773.60669pt.
 [39 <./Portfolio/Simulation/Simulation.pdf>]
<Portfolio/Simulation/Simulation.pdf, id=410, page=8, 614.295pt x 794.97pt>
File: Portfolio/Simulation/Simulation.pdf Graphic file (type pdf)
<use Portfolio/Simulation/Simulation.pdf, page 8>
Package pdftex.def Info: Portfolio/Simulation/Simulation.pdf , page8 used on input line 114.
(pdftex.def)             Requested size: 597.78697pt x 773.60669pt.
File: Portfolio/Simulation/Simulation.pdf Graphic file (type pdf)
<use Portfolio/Simulation/Simulation.pdf, page 8>
Package pdftex.def Info: Portfolio/Simulation/Simulation.pdf , page8 used on input line 114.
(pdftex.def)             Requested size: 597.78697pt x 773.60669pt.
File: Portfolio/Simulation/Simulation.pdf Graphic file (type pdf)
<use Portfolio/Simulation/Simulation.pdf, page 8>
Package pdftex.def Info: Portfolio/Simulation/Simulation.pdf , page8 used on input line 114.
(pdftex.def)             Requested size: 597.78697pt x 773.60669pt.
 [40 <./Portfolio/Simulation/Simulation.pdf>]
<Portfolio/Simulation/Simulation.pdf, id=415, page=9, 614.295pt x 794.97pt>
File: Portfolio/Simulation/Simulation.pdf Graphic file (type pdf)
<use Portfolio/Simulation/Simulation.pdf, page 9>
Package pdftex.def Info: Portfolio/Simulation/Simulation.pdf , page9 used on input line 114.
(pdftex.def)             Requested size: 597.78697pt x 773.60669pt.
File: Portfolio/Simulation/Simulation.pdf Graphic file (type pdf)
<use Portfolio/Simulation/Simulation.pdf, page 9>
Package pdftex.def Info: Portfolio/Simulation/Simulation.pdf , page9 used on input line 114.
(pdftex.def)             Requested size: 597.78697pt x 773.60669pt.
File: Portfolio/Simulation/Simulation.pdf Graphic file (type pdf)
<use Portfolio/Simulation/Simulation.pdf, page 9>
Package pdftex.def Info: Portfolio/Simulation/Simulation.pdf , page9 used on input line 114.
(pdftex.def)             Requested size: 597.78697pt x 773.60669pt.
 [41 <./Portfolio/Simulation/Simulation.pdf>]
<Portfolio/Simulation/Simulation.pdf, id=423, page=10, 614.295pt x 794.97pt>
File: Portfolio/Simulation/Simulation.pdf Graphic file (type pdf)
<use Portfolio/Simulation/Simulation.pdf, page 10>
Package pdftex.def Info: Portfolio/Simulation/Simulation.pdf , page10 used on input line 114.
(pdftex.def)             Requested size: 597.78697pt x 773.60669pt.
File: Portfolio/Simulation/Simulation.pdf Graphic file (type pdf)
<use Portfolio/Simulation/Simulation.pdf, page 10>
Package pdftex.def Info: Portfolio/Simulation/Simulation.pdf , page10 used on input line 114.
(pdftex.def)             Requested size: 597.78697pt x 773.60669pt.
File: Portfolio/Simulation/Simulation.pdf Graphic file (type pdf)
<use Portfolio/Simulation/Simulation.pdf, page 10>
Package pdftex.def Info: Portfolio/Simulation/Simulation.pdf , page10 used on input line 114.
(pdftex.def)             Requested size: 597.78697pt x 773.60669pt.
 [42 <./Portfolio/Simulation/Simulation.pdf>]
<Portfolio/Simulation/Simulation.pdf, id=428, page=11, 614.295pt x 794.97pt>
File: Portfolio/Simulation/Simulation.pdf Graphic file (type pdf)
<use Portfolio/Simulation/Simulation.pdf, page 11>
Package pdftex.def Info: Portfolio/Simulation/Simulation.pdf , page11 used on input line 114.
(pdftex.def)             Requested size: 597.78697pt x 773.60669pt.
File: Portfolio/Simulation/Simulation.pdf Graphic file (type pdf)
<use Portfolio/Simulation/Simulation.pdf, page 11>
Package pdftex.def Info: Portfolio/Simulation/Simulation.pdf , page11 used on input line 114.
(pdftex.def)             Requested size: 597.78697pt x 773.60669pt.
File: Portfolio/Simulation/Simulation.pdf Graphic file (type pdf)
<use Portfolio/Simulation/Simulation.pdf, page 11>
Package pdftex.def Info: Portfolio/Simulation/Simulation.pdf , page11 used on input line 114.
(pdftex.def)             Requested size: 597.78697pt x 773.60669pt.
 [43 <./Portfolio/Simulation/Simulation.pdf>]
<Portfolio/Simulation/Simulation.pdf, id=434, page=12, 614.295pt x 794.97pt>
File: Portfolio/Simulation/Simulation.pdf Graphic file (type pdf)
<use Portfolio/Simulation/Simulation.pdf, page 12>
Package pdftex.def Info: Portfolio/Simulation/Simulation.pdf , page12 used on input line 114.
(pdftex.def)             Requested size: 597.78697pt x 773.60669pt.
File: Portfolio/Simulation/Simulation.pdf Graphic file (type pdf)
<use Portfolio/Simulation/Simulation.pdf, page 12>
Package pdftex.def Info: Portfolio/Simulation/Simulation.pdf , page12 used on input line 114.
(pdftex.def)             Requested size: 597.78697pt x 773.60669pt.
File: Portfolio/Simulation/Simulation.pdf Graphic file (type pdf)
<use Portfolio/Simulation/Simulation.pdf, page 12>
Package pdftex.def Info: Portfolio/Simulation/Simulation.pdf , page12 used on input line 114.
(pdftex.def)             Requested size: 597.78697pt x 773.60669pt.
 [44 <./Portfolio/Simulation/Simulation.pdf>]
<Portfolio/Simulation/Simulation.pdf, id=439, page=13, 614.295pt x 794.97pt>
File: Portfolio/Simulation/Simulation.pdf Graphic file (type pdf)
<use Portfolio/Simulation/Simulation.pdf, page 13>
Package pdftex.def Info: Portfolio/Simulation/Simulation.pdf , page13 used on input line 114.
(pdftex.def)             Requested size: 597.78697pt x 773.60669pt.
File: Portfolio/Simulation/Simulation.pdf Graphic file (type pdf)
<use Portfolio/Simulation/Simulation.pdf, page 13>
Package pdftex.def Info: Portfolio/Simulation/Simulation.pdf , page13 used on input line 114.
(pdftex.def)             Requested size: 597.78697pt x 773.60669pt.
File: Portfolio/Simulation/Simulation.pdf Graphic file (type pdf)
<use Portfolio/Simulation/Simulation.pdf, page 13>
Package pdftex.def Info: Portfolio/Simulation/Simulation.pdf , page13 used on input line 114.
(pdftex.def)             Requested size: 597.78697pt x 773.60669pt.
 [45 <./Portfolio/Simulation/Simulation.pdf>]
<Portfolio/Simulation/Simulation.pdf, id=444, page=14, 614.295pt x 794.97pt>
File: Portfolio/Simulation/Simulation.pdf Graphic file (type pdf)
<use Portfolio/Simulation/Simulation.pdf, page 14>
Package pdftex.def Info: Portfolio/Simulation/Simulation.pdf , page14 used on input line 114.
(pdftex.def)             Requested size: 597.78697pt x 773.60669pt.
File: Portfolio/Simulation/Simulation.pdf Graphic file (type pdf)
<use Portfolio/Simulation/Simulation.pdf, page 14>
Package pdftex.def Info: Portfolio/Simulation/Simulation.pdf , page14 used on input line 114.
(pdftex.def)             Requested size: 597.78697pt x 773.60669pt.
File: Portfolio/Simulation/Simulation.pdf Graphic file (type pdf)
<use Portfolio/Simulation/Simulation.pdf, page 14>
Package pdftex.def Info: Portfolio/Simulation/Simulation.pdf , page14 used on input line 114.
(pdftex.def)             Requested size: 597.78697pt x 773.60669pt.
 [46 <./Portfolio/Simulation/Simulation.pdf>]
<Portfolio/Simulation/Simulation.pdf, id=449, page=15, 614.295pt x 794.97pt>
File: Portfolio/Simulation/Simulation.pdf Graphic file (type pdf)
<use Portfolio/Simulation/Simulation.pdf, page 15>
Package pdftex.def Info: Portfolio/Simulation/Simulation.pdf , page15 used on input line 114.
(pdftex.def)             Requested size: 597.78697pt x 773.60669pt.
File: Portfolio/Simulation/Simulation.pdf Graphic file (type pdf)
<use Portfolio/Simulation/Simulation.pdf, page 15>
Package pdftex.def Info: Portfolio/Simulation/Simulation.pdf , page15 used on input line 114.
(pdftex.def)             Requested size: 597.78697pt x 773.60669pt.
File: Portfolio/Simulation/Simulation.pdf Graphic file (type pdf)
<use Portfolio/Simulation/Simulation.pdf, page 15>
Package pdftex.def Info: Portfolio/Simulation/Simulation.pdf , page15 used on input line 114.
(pdftex.def)             Requested size: 597.78697pt x 773.60669pt.
 [47 <./Portfolio/Simulation/Simulation.pdf>]
<Portfolio/Simulation/Simulation.pdf, id=454, page=16, 614.295pt x 794.97pt>
File: Portfolio/Simulation/Simulation.pdf Graphic file (type pdf)
<use Portfolio/Simulation/Simulation.pdf, page 16>
Package pdftex.def Info: Portfolio/Simulation/Simulation.pdf , page16 used on input line 114.
(pdftex.def)             Requested size: 597.78697pt x 773.60669pt.
File: Portfolio/Simulation/Simulation.pdf Graphic file (type pdf)
<use Portfolio/Simulation/Simulation.pdf, page 16>
Package pdftex.def Info: Portfolio/Simulation/Simulation.pdf , page16 used on input line 114.
(pdftex.def)             Requested size: 597.78697pt x 773.60669pt.
File: Portfolio/Simulation/Simulation.pdf Graphic file (type pdf)
<use Portfolio/Simulation/Simulation.pdf, page 16>
Package pdftex.def Info: Portfolio/Simulation/Simulation.pdf , page16 used on input line 114.
(pdftex.def)             Requested size: 597.78697pt x 773.60669pt.
 [48 <./Portfolio/Simulation/Simulation.pdf>]
<Portfolio/Mitigation/Mitigation.pdf, id=465, 614.295pt x 794.97pt>
File: Portfolio/Mitigation/Mitigation.pdf Graphic file (type pdf)
<use Portfolio/Mitigation/Mitigation.pdf>
Package pdftex.def Info: Portfolio/Mitigation/Mitigation.pdf  used on input line 115.
(pdftex.def)             Requested size: 614.29349pt x 794.96806pt.
File: Portfolio/Mitigation/Mitigation.pdf Graphic file (type pdf)
<use Portfolio/Mitigation/Mitigation.pdf>
Package pdftex.def Info: Portfolio/Mitigation/Mitigation.pdf  used on input line 115.
(pdftex.def)             Requested size: 614.29349pt x 794.96806pt.
<Portfolio/Mitigation/Mitigation.pdf, id=468, page=1, 614.295pt x 794.97pt>
File: Portfolio/Mitigation/Mitigation.pdf Graphic file (type pdf)
<use Portfolio/Mitigation/Mitigation.pdf, page 1>
Package pdftex.def Info: Portfolio/Mitigation/Mitigation.pdf , page1 used on input line 115.
(pdftex.def)             Requested size: 614.29349pt x 794.96806pt.
File: Portfolio/Mitigation/Mitigation.pdf Graphic file (type pdf)
<use Portfolio/Mitigation/Mitigation.pdf, page 1>
Package pdftex.def Info: Portfolio/Mitigation/Mitigation.pdf , page1 used on input line 115.
(pdftex.def)             Requested size: 597.78697pt x 773.60669pt.
File: Portfolio/Mitigation/Mitigation.pdf Graphic file (type pdf)
<use Portfolio/Mitigation/Mitigation.pdf, page 1>
Package pdftex.def Info: Portfolio/Mitigation/Mitigation.pdf , page1 used on input line 115.
(pdftex.def)             Requested size: 597.78697pt x 773.60669pt.
File: Portfolio/Mitigation/Mitigation.pdf Graphic file (type pdf)
<use Portfolio/Mitigation/Mitigation.pdf, page 1>
Package pdftex.def Info: Portfolio/Mitigation/Mitigation.pdf , page1 used on input line 115.
(pdftex.def)             Requested size: 597.78697pt x 773.60669pt.
File: Portfolio/Mitigation/Mitigation.pdf Graphic file (type pdf)
<use Portfolio/Mitigation/Mitigation.pdf, page 1>
Package pdftex.def Info: Portfolio/Mitigation/Mitigation.pdf , page1 used on input line 115.
(pdftex.def)             Requested size: 597.78697pt x 773.60669pt.
 [49 <./Portfolio/Mitigation/Mitigation.pdf>]

LaTeX Warning: Empty bibliography on input line 116.

Package atveryend Info: Empty hook `BeforeClearDocument' on input line 117.
Package atveryend Info: Empty hook `AfterLastShipout' on input line 117.
(./conference.aux)
Package atveryend Info: Executing hook `AtVeryEndDocument' on input line 117.
Package atveryend Info: Executing hook `AtEndAfterFileList' on input line 117.
Package rerunfilecheck Info: File `conference.out' has not changed.
(rerunfilecheck)             Checksum: E257A8538241B93C24EFB3EA4DFC222B;249.
Package logreq Info: Writing requests to 'conference.run.xml'.
Package atveryend Info: Empty hook `AtVeryVeryEnd' on input line 117.
 ) 
Here is how much of TeX's memory you used:
 17918 strings out of 480478
 302745 string characters out of 5905960
 983498 words of memory out of 5000000
 33591 multiletter control sequences out of 15000+600000
 656283 words of font info for 159 fonts, out of 8000000 for 9000
 1144 hyphenation exceptions out of 8191
 41i,18n,46p,944b,2215s stack positions out of 5000i,500n,10000p,200000b,80000s
{/usr/share/texmf-dist/fonts/enc/dvips/base/8r.enc}</usr/share/texmf-dist/fonts/type1/public/amsfonts/cm/cmmi10.pfb></usr/share/texmf-dist/fonts/type1/public/amsfonts/cm/cmsy10.pfb></usr/share/texmf-dist/fonts/type1/public/cm-super/sftt1000.pfb></usr/share/texmf-dist/fonts/type1/urw/times/utmb8a.pfb></usr/share/texmf-dist/fonts/type1/urw/times/utmbi8a.pfb></usr/share/texmf-dist/fonts/type1/urw/times/utmr8a.pfb></usr/share/texmf-dist/fonts/type1/urw/times/utmri8a.pfb>
Output written on conference.pdf (49 pages, 875560 bytes).
PDF statistics:
 514 PDF objects out of 1000 (max. 8388607)
 351 compressed objects within 4 object streams
 56 named destinations out of 1000 (max. 500000)
 378 words of extra memory for PDF output out of 10000 (max. 10000000)

