\BOOKMARK [1][-]{section.1}{Introduction}{}% 1
\BOOKMARK [1][-]{section.2}{IoT Device Resources}{}% 2
\BOOKMARK [1][-]{section.3}{Attack Vectors}{}% 3
\BOOKMARK [2][-]{subsection.3.1}{User Authentication}{section.3}% 4
\BOOKMARK [2][-]{subsection.3.2}{Encryption}{section.3}% 5
\BOOKMARK [2][-]{subsection.3.3}{Communication Protocols}{section.3}% 6
\BOOKMARK [1][-]{section.4}{OS Security Features}{}% 7
\BOOKMARK [2][-]{subsection.4.1}{Secure Boot}{section.4}% 8
\BOOKMARK [3][-]{subsubsection.4.1.1}{UEFI Secure Boot}{subsection.4.1}% 9
\BOOKMARK [3][-]{subsubsection.4.1.2}{Secure Boot in IoT Systems}{subsection.4.1}% 10
\BOOKMARK [2][-]{subsection.4.2}{Device Level Firewalls}{section.4}% 11
\BOOKMARK [3][-]{subsubsection.4.2.1}{Linux Iptables and Netfilter}{subsection.4.2}% 12
\BOOKMARK [1][-]{section.5}{IoT Vulnerabilities}{}% 13
\BOOKMARK [2][-]{subsection.5.1}{IoT Operating Systems}{section.5}% 14
\BOOKMARK [3][-]{subsubsection.5.1.1}{RIOT-OS}{subsection.5.1}% 15
\BOOKMARK [3][-]{subsubsection.5.1.2}{Contiki-OS}{subsection.5.1}% 16
\BOOKMARK [3][-]{subsubsection.5.1.3}{AWS FreeRTOS}{subsection.5.1}% 17
\BOOKMARK [3][-]{subsubsection.5.1.4}{Zephyr OS}{subsection.5.1}% 18
\BOOKMARK [2][-]{subsection.5.2}{Common Vulnerabilities and Exposures}{section.5}% 19
\BOOKMARK [3][-]{subsubsection.5.2.1}{RIOT OS Vulnerabilities}{subsection.5.2}% 20
\BOOKMARK [3][-]{subsubsection.5.2.2}{Contiki-OS}{subsection.5.2}% 21
\BOOKMARK [3][-]{subsubsection.5.2.3}{Amazon FreeRTOS}{subsection.5.2}% 22
\BOOKMARK [3][-]{subsubsection.5.2.4}{ZephyrOS}{subsection.5.2}% 23
\BOOKMARK [1][-]{section.6}{Detection and Mitigation Tecniques}{}% 24
\BOOKMARK [2][-]{subsection.6.1}{Detection}{section.6}% 25
\BOOKMARK [2][-]{subsection.6.2}{Mitigation}{section.6}% 26
\BOOKMARK [1][-]{section.7}{Conclusion}{}% 27
